This is pdfTeX, Version 3.141592653-2.6-1.40.24 (TeX Live 2022) (preloaded format=pdflatex 2022.12.18)  30 DEC 2022 13:58
entering extended mode
 restricted \write18 enabled.
 %&-line parsing enabled.
**sim-protocol.tex
(./sim-protocol.tex
LaTeX2e <2022-11-01> patch level 1
L3 programming layer <2022-12-17> (/Users/alexcarriero/Library/TinyTeX/texmf-dist/tex/latex/base/article.cls
Document Class: article 2022/07/02 v1.4n Standard LaTeX document class
(/Users/alexcarriero/Library/TinyTeX/texmf-dist/tex/latex/base/size10.clo
File: size10.clo 2022/07/02 v1.4n Standard LaTeX file (size option)
)
\c@part=\count185
\c@section=\count186
\c@subsection=\count187
\c@subsubsection=\count188
\c@paragraph=\count189
\c@subparagraph=\count190
\c@figure=\count191
\c@table=\count192
\abovecaptionskip=\skip48
\belowcaptionskip=\skip49
\bibindent=\dimen140
) (/Users/alexcarriero/Library/TinyTeX/texmf-dist/tex/latex/amsmath/amsmath.sty
Package: amsmath 2022/04/08 v2.17n AMS math features
\@mathmargin=\skip50
For additional information on amsmath, use the `?' option.
(/Users/alexcarriero/Library/TinyTeX/texmf-dist/tex/latex/amsmath/amstext.sty
Package: amstext 2021/08/26 v2.01 AMS text
(/Users/alexcarriero/Library/TinyTeX/texmf-dist/tex/latex/amsmath/amsgen.sty
File: amsgen.sty 1999/11/30 v2.0 generic functions
\@emptytoks=\toks16
\ex@=\dimen141
)) (/Users/alexcarriero/Library/TinyTeX/texmf-dist/tex/latex/amsmath/amsbsy.sty
Package: amsbsy 1999/11/29 v1.2d Bold Symbols
\pmbraise@=\dimen142
) (/Users/alexcarriero/Library/TinyTeX/texmf-dist/tex/latex/amsmath/amsopn.sty
Package: amsopn 2022/04/08 v2.04 operator names
)
\inf@bad=\count193
LaTeX Info: Redefining \frac on input line 234.
\uproot@=\count194
\leftroot@=\count195
LaTeX Info: Redefining \overline on input line 399.
LaTeX Info: Redefining \colon on input line 410.
\classnum@=\count196
\DOTSCASE@=\count197
LaTeX Info: Redefining \ldots on input line 496.
LaTeX Info: Redefining \dots on input line 499.
LaTeX Info: Redefining \cdots on input line 620.
\Mathstrutbox@=\box51
\strutbox@=\box52
LaTeX Info: Redefining \big on input line 722.
LaTeX Info: Redefining \Big on input line 723.
LaTeX Info: Redefining \bigg on input line 724.
LaTeX Info: Redefining \Bigg on input line 725.
\big@size=\dimen143
LaTeX Font Info:    Redeclaring font encoding OML on input line 743.
LaTeX Font Info:    Redeclaring font encoding OMS on input line 744.
\macc@depth=\count198
LaTeX Info: Redefining \bmod on input line 905.
LaTeX Info: Redefining \pmod on input line 910.
LaTeX Info: Redefining \smash on input line 940.
LaTeX Info: Redefining \relbar on input line 970.
LaTeX Info: Redefining \Relbar on input line 971.
\c@MaxMatrixCols=\count199
\dotsspace@=\muskip16
\c@parentequation=\count266
\dspbrk@lvl=\count267
\tag@help=\toks17
\row@=\count268
\column@=\count269
\maxfields@=\count270
\andhelp@=\toks18
\eqnshift@=\dimen144
\alignsep@=\dimen145
\tagshift@=\dimen146
\tagwidth@=\dimen147
\totwidth@=\dimen148
\lineht@=\dimen149
\@envbody=\toks19
\multlinegap=\skip51
\multlinetaggap=\skip52
\mathdisplay@stack=\toks20
LaTeX Info: Redefining \[ on input line 2953.
LaTeX Info: Redefining \] on input line 2954.
) (/Users/alexcarriero/Library/TinyTeX/texmf-dist/tex/latex/amsfonts/amssymb.sty
Package: amssymb 2013/01/14 v3.01 AMS font symbols
(/Users/alexcarriero/Library/TinyTeX/texmf-dist/tex/latex/amsfonts/amsfonts.sty
Package: amsfonts 2013/01/14 v3.01 Basic AMSFonts support
\symAMSa=\mathgroup4
\symAMSb=\mathgroup5
LaTeX Font Info:    Redeclaring math symbol \hbar on input line 98.
LaTeX Font Info:    Overwriting math alphabet `\mathfrak' in version `bold'
(Font)                  U/euf/m/n --> U/euf/b/n on input line 106.
)) (/Users/alexcarriero/Library/TinyTeX/texmf-dist/tex/latex/lm/lmodern.sty
Package: lmodern 2015/05/01 v1.6.1 Latin Modern Fonts
LaTeX Font Info:    Overwriting symbol font `operators' in version `normal'
(Font)                  OT1/cmr/m/n --> OT1/lmr/m/n on input line 22.
LaTeX Font Info:    Overwriting symbol font `letters' in version `normal'
(Font)                  OML/cmm/m/it --> OML/lmm/m/it on input line 23.
LaTeX Font Info:    Overwriting symbol font `symbols' in version `normal'
(Font)                  OMS/cmsy/m/n --> OMS/lmsy/m/n on input line 24.
LaTeX Font Info:    Overwriting symbol font `largesymbols' in version `normal'
(Font)                  OMX/cmex/m/n --> OMX/lmex/m/n on input line 25.
LaTeX Font Info:    Overwriting symbol font `operators' in version `bold'
(Font)                  OT1/cmr/bx/n --> OT1/lmr/bx/n on input line 26.
LaTeX Font Info:    Overwriting symbol font `letters' in version `bold'
(Font)                  OML/cmm/b/it --> OML/lmm/b/it on input line 27.
LaTeX Font Info:    Overwriting symbol font `symbols' in version `bold'
(Font)                  OMS/cmsy/b/n --> OMS/lmsy/b/n on input line 28.
LaTeX Font Info:    Overwriting symbol font `largesymbols' in version `bold'
(Font)                  OMX/cmex/m/n --> OMX/lmex/m/n on input line 29.
LaTeX Font Info:    Overwriting math alphabet `\mathbf' in version `normal'
(Font)                  OT1/cmr/bx/n --> OT1/lmr/bx/n on input line 31.
LaTeX Font Info:    Overwriting math alphabet `\mathsf' in version `normal'
(Font)                  OT1/cmss/m/n --> OT1/lmss/m/n on input line 32.
LaTeX Font Info:    Overwriting math alphabet `\mathit' in version `normal'
(Font)                  OT1/cmr/m/it --> OT1/lmr/m/it on input line 33.
LaTeX Font Info:    Overwriting math alphabet `\mathtt' in version `normal'
(Font)                  OT1/cmtt/m/n --> OT1/lmtt/m/n on input line 34.
LaTeX Font Info:    Overwriting math alphabet `\mathbf' in version `bold'
(Font)                  OT1/cmr/bx/n --> OT1/lmr/bx/n on input line 35.
LaTeX Font Info:    Overwriting math alphabet `\mathsf' in version `bold'
(Font)                  OT1/cmss/bx/n --> OT1/lmss/bx/n on input line 36.
LaTeX Font Info:    Overwriting math alphabet `\mathit' in version `bold'
(Font)                  OT1/cmr/bx/it --> OT1/lmr/bx/it on input line 37.
LaTeX Font Info:    Overwriting math alphabet `\mathtt' in version `bold'
(Font)                  OT1/cmtt/m/n --> OT1/lmtt/m/n on input line 38.
) (/Users/alexcarriero/Library/TinyTeX/texmf-dist/tex/generic/iftex/iftex.sty
Package: iftex 2022/02/03 v1.0f TeX engine tests
) (/Users/alexcarriero/Library/TinyTeX/texmf-dist/tex/latex/base/fontenc.sty
Package: fontenc 2021/04/29 v2.0v Standard LaTeX package
LaTeX Font Info:    Trying to load font information for T1+lmr on input line 112.
(/Users/alexcarriero/Library/TinyTeX/texmf-dist/tex/latex/lm/t1lmr.fd
File: t1lmr.fd 2015/05/01 v1.6.1 Font defs for Latin Modern
)) (/Users/alexcarriero/Library/TinyTeX/texmf-dist/tex/latex/base/inputenc.sty
Package: inputenc 2021/02/14 v1.3d Input encoding file
\inpenc@prehook=\toks21
\inpenc@posthook=\toks22
) (/Users/alexcarriero/Library/TinyTeX/texmf-dist/tex/latex/base/textcomp.sty
Package: textcomp 2020/02/02 v2.0n Standard LaTeX package
) (/Users/alexcarriero/Library/TinyTeX/texmf-dist/tex/latex/xcolor/xcolor.sty
Package: xcolor 2022/06/12 v2.14 LaTeX color extensions (UK)
(/Users/alexcarriero/Library/TinyTeX/texmf-dist/tex/latex/graphics-cfg/color.cfg
File: color.cfg 2016/01/02 v1.6 sample color configuration
)
Package xcolor Info: Driver file: pdftex.def on input line 227.
(/Users/alexcarriero/Library/TinyTeX/texmf-dist/tex/latex/graphics-def/pdftex.def
File: pdftex.def 2022/09/22 v1.2b Graphics/color driver for pdftex
) (/Users/alexcarriero/Library/TinyTeX/texmf-dist/tex/latex/graphics/mathcolor.ltx)
Package xcolor Info: Model `cmy' substituted by `cmy0' on input line 1353.
Package xcolor Info: Model `hsb' substituted by `rgb' on input line 1357.
Package xcolor Info: Model `RGB' extended on input line 1369.
Package xcolor Info: Model `HTML' substituted by `rgb' on input line 1371.
Package xcolor Info: Model `Hsb' substituted by `hsb' on input line 1372.
Package xcolor Info: Model `tHsb' substituted by `hsb' on input line 1373.
Package xcolor Info: Model `HSB' substituted by `hsb' on input line 1374.
Package xcolor Info: Model `Gray' substituted by `gray' on input line 1375.
Package xcolor Info: Model `wave' substituted by `hsb' on input line 1376.
) (/Users/alexcarriero/Library/TinyTeX/texmf-dist/tex/latex/geometry/geometry.sty
Package: geometry 2020/01/02 v5.9 Page Geometry
(/Users/alexcarriero/Library/TinyTeX/texmf-dist/tex/latex/graphics/keyval.sty
Package: keyval 2022/05/29 v1.15 key=value parser (DPC)
\KV@toks@=\toks23
) (/Users/alexcarriero/Library/TinyTeX/texmf-dist/tex/generic/iftex/ifvtex.sty
Package: ifvtex 2019/10/25 v1.7 ifvtex legacy package. Use iftex instead.
)
\Gm@cnth=\count271
\Gm@cntv=\count272
\c@Gm@tempcnt=\count273
\Gm@bindingoffset=\dimen150
\Gm@wd@mp=\dimen151
\Gm@odd@mp=\dimen152
\Gm@even@mp=\dimen153
\Gm@layoutwidth=\dimen154
\Gm@layoutheight=\dimen155
\Gm@layouthoffset=\dimen156
\Gm@layoutvoffset=\dimen157
\Gm@dimlist=\toks24
) (/Users/alexcarriero/Library/TinyTeX/texmf-dist/tex/latex/graphics/graphicx.sty
Package: graphicx 2021/09/16 v1.2d Enhanced LaTeX Graphics (DPC,SPQR)
(/Users/alexcarriero/Library/TinyTeX/texmf-dist/tex/latex/graphics/graphics.sty
Package: graphics 2022/03/10 v1.4e Standard LaTeX Graphics (DPC,SPQR)
(/Users/alexcarriero/Library/TinyTeX/texmf-dist/tex/latex/graphics/trig.sty
Package: trig 2021/08/11 v1.11 sin cos tan (DPC)
) (/Users/alexcarriero/Library/TinyTeX/texmf-dist/tex/latex/graphics-cfg/graphics.cfg
File: graphics.cfg 2016/06/04 v1.11 sample graphics configuration
)
Package graphics Info: Driver file: pdftex.def on input line 107.
)
\Gin@req@height=\dimen158
\Gin@req@width=\dimen159
)
\cslhangindent=\skip53
\csllabelwidth=\skip54
\cslentryspacingunit=\skip55
(/Users/alexcarriero/Library/TinyTeX/texmf-dist/tex/latex/tools/calc.sty
Package: calc 2017/05/25 v4.3 Infix arithmetic (KKT,FJ)
\calc@Acount=\count274
\calc@Bcount=\count275
\calc@Adimen=\dimen160
\calc@Bdimen=\dimen161
\calc@Askip=\skip56
\calc@Bskip=\skip57
LaTeX Info: Redefining \setlength on input line 80.
LaTeX Info: Redefining \addtolength on input line 81.
\calc@Ccount=\count276
\calc@Cskip=\skip58
) (/Users/alexcarriero/Library/TinyTeX/texmf-dist/tex/latex/biblatex/biblatex.sty
Package: biblatex 2022/07/12 v3.18b programmable bibliographies (PK/MW)
(/Users/alexcarriero/Library/TinyTeX/texmf-dist/tex/generic/pdftexcmds/pdftexcmds.sty
Package: pdftexcmds 2020-06-27 v0.33 Utility functions of pdfTeX for LuaTeX (HO)
(/Users/alexcarriero/Library/TinyTeX/texmf-dist/tex/generic/infwarerr/infwarerr.sty
Package: infwarerr 2019/12/03 v1.5 Providing info/warning/error messages (HO)
) (/Users/alexcarriero/Library/TinyTeX/texmf-dist/tex/generic/ltxcmds/ltxcmds.sty
Package: ltxcmds 2020-05-10 v1.25 LaTeX kernel commands for general use (HO)
)
Package pdftexcmds Info: \pdf@primitive is available.
Package pdftexcmds Info: \pdf@ifprimitive is available.
Package pdftexcmds Info: \pdfdraftmode found.
) (/Users/alexcarriero/Library/TinyTeX/texmf-dist/tex/latex/etoolbox/etoolbox.sty
Package: etoolbox 2020/10/05 v2.5k e-TeX tools for LaTeX (JAW)
\etb@tempcnta=\count277
) (/Users/alexcarriero/Library/TinyTeX/texmf-dist/tex/latex/kvoptions/kvoptions.sty
Package: kvoptions 2022-06-15 v3.15 Key value format for package options (HO)
(/Users/alexcarriero/Library/TinyTeX/texmf-dist/tex/latex/kvsetkeys/kvsetkeys.sty
Package: kvsetkeys 2022-10-05 v1.19 Key value parser (HO)
)) (/Users/alexcarriero/Library/TinyTeX/texmf-dist/tex/latex/logreq/logreq.sty
Package: logreq 2010/08/04 v1.0 xml request logger
\lrq@indent=\count278
(/Users/alexcarriero/Library/TinyTeX/texmf-dist/tex/latex/logreq/logreq.def
File: logreq.def 2010/08/04 v1.0 logreq spec v1.0
)) (/Users/alexcarriero/Library/TinyTeX/texmf-dist/tex/latex/base/ifthen.sty
Package: ifthen 2022/04/13 v1.1d Standard LaTeX ifthen package (DPC)
) (/Users/alexcarriero/Library/TinyTeX/texmf-dist/tex/latex/url/url.sty
\Urlmuskip=\muskip17
Package: url 2013/09/16  ver 3.4  Verb mode for urls, etc.
)
\c@tabx@nest=\count279
\c@listtotal=\count280
\c@listcount=\count281
\c@liststart=\count282
\c@liststop=\count283
\c@citecount=\count284
\c@citetotal=\count285
\c@multicitecount=\count286
\c@multicitetotal=\count287
\c@instcount=\count288
\c@maxnames=\count289
\c@minnames=\count290
\c@maxitems=\count291
\c@minitems=\count292
\c@citecounter=\count293
\c@maxcitecounter=\count294
\c@savedcitecounter=\count295
\c@uniquelist=\count296
\c@uniquename=\count297
\c@refsection=\count298
\c@refsegment=\count299
\c@maxextratitle=\count300
\c@maxextratitleyear=\count301
\c@maxextraname=\count302
\c@maxextradate=\count303
\c@maxextraalpha=\count304
\c@abbrvpenalty=\count305
\c@highnamepenalty=\count306
\c@lownamepenalty=\count307
\c@maxparens=\count308
\c@parenlevel=\count309
\blx@tempcnta=\count310
\blx@tempcntb=\count311
\blx@tempcntc=\count312
\c@blx@maxsection=\count313
\blx@maxsegment@0=\count314
\blx@notetype=\count315
\blx@parenlevel@text=\count316
\blx@parenlevel@foot=\count317
\blx@sectionciteorder@0=\count318
\blx@sectionciteorderinternal@0=\count319
\blx@entrysetcounter=\count320
\blx@biblioinstance=\count321
\labelnumberwidth=\skip59
\labelalphawidth=\skip60
\biblabelsep=\skip61
\bibitemsep=\skip62
\bibnamesep=\skip63
\bibinitsep=\skip64
\bibparsep=\skip65
\bibhang=\skip66
\blx@bcfin=\read2
\blx@bcfout=\write3
\blx@langwohyphens=\language3
\c@mincomprange=\count322
\c@maxcomprange=\count323
\c@mincompwidth=\count324
Package biblatex Info: Trying to load biblatex default data model...
Package biblatex Info: ... file 'blx-dm.def' found.
(/Users/alexcarriero/Library/TinyTeX/texmf-dist/tex/latex/biblatex/blx-dm.def
File: blx-dm.def 2022/07/12 v3.18b biblatex localization (PK/MW)
)
Package biblatex Info: Trying to load biblatex style data model...
Package biblatex Info: ... file 'numeric.dbx' not found.
Package biblatex Info: Trying to load biblatex custom data model...
Package biblatex Info: ... file 'biblatex-dm.cfg' not found.
\c@afterword=\count325
\c@savedafterword=\count326
\c@annotator=\count327
\c@savedannotator=\count328
\c@author=\count329
\c@savedauthor=\count330
\c@bookauthor=\count331
\c@savedbookauthor=\count332
\c@commentator=\count333
\c@savedcommentator=\count334
\c@editor=\count335
\c@savededitor=\count336
\c@editora=\count337
\c@savededitora=\count338
\c@editorb=\count339
\c@savededitorb=\count340
\c@editorc=\count341
\c@savededitorc=\count342
\c@foreword=\count343
\c@savedforeword=\count344
\c@holder=\count345
\c@savedholder=\count346
\c@introduction=\count347
\c@savedintroduction=\count348
\c@namea=\count349
\c@savednamea=\count350
\c@nameb=\count351
\c@savednameb=\count352
\c@namec=\count353
\c@savednamec=\count354
\c@translator=\count355
\c@savedtranslator=\count356
\c@shortauthor=\count357
\c@savedshortauthor=\count358
\c@shorteditor=\count359
\c@savedshorteditor=\count360
\c@labelname=\count361
\c@savedlabelname=\count362
\c@institution=\count363
\c@savedinstitution=\count364
\c@lista=\count365
\c@savedlista=\count366
\c@listb=\count367
\c@savedlistb=\count368
\c@listc=\count369
\c@savedlistc=\count370
\c@listd=\count371
\c@savedlistd=\count372
\c@liste=\count373
\c@savedliste=\count374
\c@listf=\count375
\c@savedlistf=\count376
\c@location=\count377
\c@savedlocation=\count378
\c@organization=\count379
\c@savedorganization=\count380
\c@origlocation=\count381
\c@savedoriglocation=\count382
\c@origpublisher=\count383
\c@savedorigpublisher=\count384
\c@publisher=\count385
\c@savedpublisher=\count386
\c@language=\count387
\c@savedlanguage=\count388
\c@origlanguage=\count389
\c@savedoriglanguage=\count390
\c@pageref=\count391
\c@savedpageref=\count392
\shorthandwidth=\skip67
\shortjournalwidth=\skip68
\shortserieswidth=\skip69
\shorttitlewidth=\skip70
\shortauthorwidth=\skip71
\shorteditorwidth=\skip72
\locallabelnumberwidth=\skip73
\locallabelalphawidth=\skip74
\localshorthandwidth=\skip75
\localshortjournalwidth=\skip76
\localshortserieswidth=\skip77
\localshorttitlewidth=\skip78
\localshortauthorwidth=\skip79
\localshorteditorwidth=\skip80
Package biblatex Info: Trying to load compatibility code...
Package biblatex Info: ... file 'blx-compat.def' found.
(/Users/alexcarriero/Library/TinyTeX/texmf-dist/tex/latex/biblatex/blx-compat.def
File: blx-compat.def 2022/07/12 v3.18b biblatex compatibility (PK/MW)
)
Package biblatex Info: Trying to load generic definitions...
Package biblatex Info: ... file 'biblatex.def' found.
(/Users/alexcarriero/Library/TinyTeX/texmf-dist/tex/latex/biblatex/biblatex.def
File: biblatex.def 2022/07/12 v3.18b biblatex compatibility (PK/MW)
\c@textcitecount=\count393
\c@textcitetotal=\count394
\c@textcitemaxnames=\count395
\c@biburlbigbreakpenalty=\count396
\c@biburlbreakpenalty=\count397
\c@biburlnumpenalty=\count398
\c@biburlucpenalty=\count399
\c@biburllcpenalty=\count400
\biburlbigskip=\muskip18
\biburlnumskip=\muskip19
\biburlucskip=\muskip20
\biburllcskip=\muskip21
\c@smartand=\count401
)
Package biblatex Info: Trying to load bibliography style 'numeric'...
Package biblatex Info: ... file 'numeric.bbx' found.
(/Users/alexcarriero/Library/TinyTeX/texmf-dist/tex/latex/biblatex/bbx/numeric.bbx
File: numeric.bbx 2022/07/12 v3.18b biblatex bibliography style (PK/MW)
Package biblatex Info: Trying to load bibliography style 'standard'...
Package biblatex Info: ... file 'standard.bbx' found.
(/Users/alexcarriero/Library/TinyTeX/texmf-dist/tex/latex/biblatex/bbx/standard.bbx
File: standard.bbx 2022/07/12 v3.18b biblatex bibliography style (PK/MW)
\c@bbx:relatedcount=\count402
\c@bbx:relatedtotal=\count403
))
Package biblatex Info: Trying to load citation style 'numeric'...
Package biblatex Info: ... file 'numeric.cbx' found.
(/Users/alexcarriero/Library/TinyTeX/texmf-dist/tex/latex/biblatex/cbx/numeric.cbx
File: numeric.cbx 2022/07/12 v3.18b biblatex citation style (PK/MW)
Package biblatex Info: Redefining '\cite'.
Package biblatex Info: Redefining '\parencite'.
Package biblatex Info: Redefining '\footcite'.
Package biblatex Info: Redefining '\footcitetext'.
Package biblatex Info: Redefining '\smartcite'.
Package biblatex Info: Redefining '\supercite'.
Package biblatex Info: Redefining '\textcite'.
Package biblatex Info: Redefining '\textcites'.
Package biblatex Info: Redefining '\cites'.
Package biblatex Info: Redefining '\parencites'.
Package biblatex Info: Redefining '\smartcites'.
)
Package biblatex Info: Trying to load configuration file...
Package biblatex Info: ... file 'biblatex.cfg' found.
(/Users/alexcarriero/Library/TinyTeX/texmf-dist/tex/latex/biblatex/biblatex.cfg
File: biblatex.cfg 
)
Package biblatex Info: Input encoding 'utf8' detected.
Package biblatex Info: Document encoding is UTF8 ....
(/Users/alexcarriero/Library/TinyTeX/texmf-dist/tex/latex/l3kernel/expl3.sty
Package: expl3 2022-12-17 L3 programming layer (loader) 
(/Users/alexcarriero/Library/TinyTeX/texmf-dist/tex/latex/l3backend/l3backend-pdftex.def
File: l3backend-pdftex.def 2022-10-26 L3 backend support: PDF output (pdfTeX)
\l__color_backend_stack_int=\count404
\l__pdf_internal_box=\box53
))
Package biblatex Info: ... and expl3
(biblatex)             2022-12-17 L3 programming layer (loader) 
(biblatex)             is new enough (at least 2020/04/06),
(biblatex)             setting 'casechanger=expl3'.
(/Users/alexcarriero/Library/TinyTeX/texmf-dist/tex/latex/biblatex/blx-case-expl3.sty (/Users/alexcarriero/Library/TinyTeX/texmf-dist/tex/latex/l3packages/xparse/xparse.sty
Package: xparse 2022-12-17 L3 Experimental document command parser
)
Package: blx-case-expl3 2022/07/12 v3.18b expl3 case changing code for biblatex
)) (/Users/alexcarriero/Library/TinyTeX/texmf-dist/tex/latex/booktabs/booktabs.sty
Package: booktabs 2020/01/12 v1.61803398 Publication quality tables
\heavyrulewidth=\dimen162
\lightrulewidth=\dimen163
\cmidrulewidth=\dimen164
\belowrulesep=\dimen165
\belowbottomsep=\dimen166
\aboverulesep=\dimen167
\abovetopsep=\dimen168
\cmidrulesep=\dimen169
\cmidrulekern=\dimen170
\defaultaddspace=\dimen171
\@cmidla=\count405
\@cmidlb=\count406
\@aboverulesep=\dimen172
\@belowrulesep=\dimen173
\@thisruleclass=\count407
\@lastruleclass=\count408
\@thisrulewidth=\dimen174
) (/Users/alexcarriero/Library/TinyTeX/texmf-dist/tex/latex/tools/longtable.sty
Package: longtable 2021-09-01 v4.17 Multi-page Table package (DPC)
\LTleft=\skip81
\LTright=\skip82
\LTpre=\skip83
\LTpost=\skip84
\LTchunksize=\count409
\LTcapwidth=\dimen175
\LT@head=\box54
\LT@firsthead=\box55
\LT@foot=\box56
\LT@lastfoot=\box57
\LT@gbox=\box58
\LT@cols=\count410
\LT@rows=\count411
\c@LT@tables=\count412
\c@LT@chunks=\count413
\LT@p@ftn=\toks25
) (/Users/alexcarriero/Library/TinyTeX/texmf-dist/tex/latex/tools/array.sty
Package: array 2022/09/04 v2.5g Tabular extension package (FMi)
\col@sep=\dimen176
\ar@mcellbox=\box59
\extrarowheight=\dimen177
\NC@list=\toks26
\extratabsurround=\skip85
\backup@length=\skip86
\ar@cellbox=\box60
) (/Users/alexcarriero/Library/TinyTeX/texmf-dist/tex/latex/multirow/multirow.sty
Package: multirow 2021/03/15 v2.8 Span multiple rows of a table
\multirow@colwidth=\skip87
\multirow@cntb=\count414
\multirow@dima=\skip88
\bigstrutjot=\dimen178
) (/Users/alexcarriero/Library/TinyTeX/texmf-dist/tex/latex/wrapfig/wrapfig.sty
\wrapoverhang=\dimen179
\WF@size=\dimen180
\c@WF@wrappedlines=\count415
\WF@box=\box61
\WF@everypar=\toks27
Package: wrapfig 2003/01/31  v 3.6
) (/Users/alexcarriero/Library/TinyTeX/texmf-dist/tex/latex/float/float.sty
Package: float 2001/11/08 v1.3d Float enhancements (AL)
\c@float@type=\count416
\float@exts=\toks28
\float@box=\box62
\@float@everytoks=\toks29
\@floatcapt=\box63
) (/Users/alexcarriero/Library/TinyTeX/texmf-dist/tex/latex/colortbl/colortbl.sty
Package: colortbl 2022/06/20 v1.0f Color table columns (DPC)
\everycr=\toks30
\minrowclearance=\skip89
\rownum=\count417
) (/Users/alexcarriero/Library/TinyTeX/texmf-dist/tex/latex/pdflscape/pdflscape.sty
Package: pdflscape 2022-10-27 v0.13 Display of landscape pages in PDF
(/Users/alexcarriero/Library/TinyTeX/texmf-dist/tex/latex/pdflscape/pdflscape-nometadata.sty
Package: pdflscape-nometadata 2022-10-28 v0.13 Display of landscape pages in PDF (HO)
(/Users/alexcarriero/Library/TinyTeX/texmf-dist/tex/latex/graphics/lscape.sty
Package: lscape 2020/05/28 v3.02 Landscape Pages (DPC)
)
Package pdflscape Info: Auto-detected driver: pdftex on input line 81.
)) (/Users/alexcarriero/Library/TinyTeX/texmf-dist/tex/latex/tabu/tabu.sty
Package: tabu 2019/01/11 v2.9 - flexible LaTeX tabulars (FC+tabu-fixed)
(/Users/alexcarriero/Library/TinyTeX/texmf-dist/tex/latex/varwidth/varwidth.sty
Package: varwidth 2009/03/30 ver 0.92;  Variable-width minipages
\@vwid@box=\box64
\sift@deathcycles=\count418
\@vwid@loff=\dimen181
\@vwid@roff=\dimen182
)
\c@taburow=\count419
\tabu@nbcols=\count420
\tabu@cnt=\count421
\tabu@Xcol=\count422
\tabu@alloc=\count423
\tabu@nested=\count424
\tabu@target=\dimen183
\tabu@spreadtarget=\dimen184
\tabu@naturalX=\dimen185
\tabucolX=\dimen186
\tabu@Xsum=\dimen187
\extrarowdepth=\dimen188
\abovetabulinesep=\dimen189
\belowtabulinesep=\dimen190
\tabustrutrule=\dimen191
\tabu@thebody=\toks31
\tabu@footnotes=\toks32
\tabu@box=\box65
\tabu@arstrutbox=\box66
\tabu@hleads=\box67
\tabu@vleads=\box68
\tabu@cellskip=\skip90
) (/Users/alexcarriero/Library/TinyTeX/texmf-dist/tex/latex/threeparttable/threeparttable.sty
Package: threeparttable 2003/06/13  v 3.0
\@tempboxb=\box69
) (/Users/alexcarriero/Library/TinyTeX/texmf-dist/tex/latex/threeparttablex/threeparttablex.sty
Package: threeparttablex 2013/07/23 v0.3 by daleif
(/Users/alexcarriero/Library/TinyTeX/texmf-dist/tex/latex/environ/environ.sty
Package: environ 2014/05/04 v0.3 A new way to define environments
(/Users/alexcarriero/Library/TinyTeX/texmf-dist/tex/latex/trimspaces/trimspaces.sty
Package: trimspaces 2009/09/17 v1.1 Trim spaces around a token list
))
\TPTL@width=\skip91
) (/Users/alexcarriero/Library/TinyTeX/texmf-dist/tex/generic/ulem/ulem.sty
\UL@box=\box70
\UL@hyphenbox=\box71
\UL@skip=\skip92
\UL@hook=\toks33
\UL@height=\dimen192
\UL@pe=\count425
\UL@pixel=\dimen193
\ULC@box=\box72
Package: ulem 2019/11/18
\ULdepth=\dimen194
) (/Users/alexcarriero/Library/TinyTeX/texmf-dist/tex/latex/makecell/makecell.sty
Package: makecell 2009/08/03 V0.1e Managing of Tab Column Heads and Cells
\rotheadsize=\dimen195
\c@nlinenum=\count426
\TeXr@lab=\toks34
) (/Users/alexcarriero/Library/TinyTeX/texmf-dist/tex/latex/bookmark/bookmark.sty
Package: bookmark 2020-11-06 v1.29 PDF bookmarks (HO)
(/Users/alexcarriero/Library/TinyTeX/texmf-dist/tex/latex/hyperref/hyperref.sty
Package: hyperref 2022-11-13 v7.00u Hypertext links for LaTeX
(/Users/alexcarriero/Library/TinyTeX/texmf-dist/tex/generic/kvdefinekeys/kvdefinekeys.sty
Package: kvdefinekeys 2019-12-19 v1.6 Define keys (HO)
) (/Users/alexcarriero/Library/TinyTeX/texmf-dist/tex/generic/pdfescape/pdfescape.sty
Package: pdfescape 2019/12/09 v1.15 Implements pdfTeX's escape features (HO)
) (/Users/alexcarriero/Library/TinyTeX/texmf-dist/tex/latex/hycolor/hycolor.sty
Package: hycolor 2020-01-27 v1.10 Color options for hyperref/bookmark (HO)
) (/Users/alexcarriero/Library/TinyTeX/texmf-dist/tex/latex/letltxmacro/letltxmacro.sty
Package: letltxmacro 2019/12/03 v1.6 Let assignment for LaTeX macros (HO)
) (/Users/alexcarriero/Library/TinyTeX/texmf-dist/tex/latex/auxhook/auxhook.sty
Package: auxhook 2019-12-17 v1.6 Hooks for auxiliary files (HO)
) (/Users/alexcarriero/Library/TinyTeX/texmf-dist/tex/latex/hyperref/nameref.sty
Package: nameref 2022-05-17 v2.50 Cross-referencing by name of section
(/Users/alexcarriero/Library/TinyTeX/texmf-dist/tex/latex/refcount/refcount.sty
Package: refcount 2019/12/15 v3.6 Data extraction from label references (HO)
) (/Users/alexcarriero/Library/TinyTeX/texmf-dist/tex/generic/gettitlestring/gettitlestring.sty
Package: gettitlestring 2019/12/15 v1.6 Cleanup title references (HO)
)
\c@section@level=\count427
)
\@linkdim=\dimen196
\Hy@linkcounter=\count428
\Hy@pagecounter=\count429
(/Users/alexcarriero/Library/TinyTeX/texmf-dist/tex/latex/hyperref/pd1enc.def
File: pd1enc.def 2022-11-13 v7.00u Hyperref: PDFDocEncoding definition (HO)
Now handling font encoding PD1 ...
... no UTF-8 mapping file for font encoding PD1
) (/Users/alexcarriero/Library/TinyTeX/texmf-dist/tex/generic/intcalc/intcalc.sty
Package: intcalc 2019/12/15 v1.3 Expandable calculations with integers (HO)
) (/Users/alexcarriero/Library/TinyTeX/texmf-dist/tex/generic/etexcmds/etexcmds.sty
Package: etexcmds 2019/12/15 v1.7 Avoid name clashes with e-TeX commands (HO)
)
\Hy@SavedSpaceFactor=\count430
(/Users/alexcarriero/Library/TinyTeX/texmf-dist/tex/latex/hyperref/puenc.def
File: puenc.def 2022-11-13 v7.00u Hyperref: PDF Unicode definition (HO)
Now handling font encoding PU ...
... no UTF-8 mapping file for font encoding PU
)
Package hyperref Info: Option `unicode' set `true' on input line 4045.
Package hyperref Info: Hyper figures OFF on input line 4162.
Package hyperref Info: Link nesting OFF on input line 4167.
Package hyperref Info: Hyper index ON on input line 4170.
Package hyperref Info: Plain pages OFF on input line 4177.
Package hyperref Info: Backreferencing OFF on input line 4182.
Package hyperref Info: Implicit mode ON; LaTeX internals redefined.
Package hyperref Info: Bookmarks ON on input line 4410.
\c@Hy@tempcnt=\count431
LaTeX Info: Redefining \url on input line 4748.
\XeTeXLinkMargin=\dimen197
(/Users/alexcarriero/Library/TinyTeX/texmf-dist/tex/generic/bitset/bitset.sty
Package: bitset 2019/12/09 v1.3 Handle bit-vector datatype (HO)
(/Users/alexcarriero/Library/TinyTeX/texmf-dist/tex/generic/bigintcalc/bigintcalc.sty
Package: bigintcalc 2019/12/15 v1.5 Expandable calculations on big integers (HO)
))
\Fld@menulength=\count432
\Field@Width=\dimen198
\Fld@charsize=\dimen199
Package hyperref Info: Hyper figures OFF on input line 6027.
Package hyperref Info: Link nesting OFF on input line 6032.
Package hyperref Info: Hyper index ON on input line 6035.
Package hyperref Info: backreferencing OFF on input line 6042.
Package hyperref Info: Link coloring OFF on input line 6047.
Package hyperref Info: Link coloring with OCG OFF on input line 6052.
Package hyperref Info: PDF/A mode OFF on input line 6057.
(/Users/alexcarriero/Library/TinyTeX/texmf-dist/tex/latex/base/atbegshi-ltx.sty
Package: atbegshi-ltx 2021/01/10 v1.0c Emulation of the original atbegshi
package with kernel methods
)
\Hy@abspage=\count433
\c@Item=\count434
\c@Hfootnote=\count435
)
Package hyperref Info: Driver (autodetected): hpdftex.
(/Users/alexcarriero/Library/TinyTeX/texmf-dist/tex/latex/hyperref/hpdftex.def
File: hpdftex.def 2022-11-13 v7.00u Hyperref driver for pdfTeX
(/Users/alexcarriero/Library/TinyTeX/texmf-dist/tex/latex/base/atveryend-ltx.sty
Package: atveryend-ltx 2020/08/19 v1.0a Emulation of the original atveryend package
with kernel methods
)
\Fld@listcount=\count436
\c@bookmark@seq@number=\count437
(/Users/alexcarriero/Library/TinyTeX/texmf-dist/tex/latex/rerunfilecheck/rerunfilecheck.sty
Package: rerunfilecheck 2022-07-10 v1.10 Rerun checks for auxiliary files (HO)
(/Users/alexcarriero/Library/TinyTeX/texmf-dist/tex/generic/uniquecounter/uniquecounter.sty
Package: uniquecounter 2019/12/15 v1.4 Provide unlimited unique counter (HO)
)
Package uniquecounter Info: New unique counter `rerunfilecheck' on input line 285.
)
\Hy@SectionHShift=\skip93
) (/Users/alexcarriero/Library/TinyTeX/texmf-dist/tex/latex/bookmark/bkm-pdftex.def
File: bkm-pdftex.def 2020-11-06 v1.29 bookmark driver for pdfTeX (HO)
\BKM@id=\count438
))
\@quotelevel=\count439
\@quotereset=\count440
(./sim-protocol.aux)
\openout1 = `sim-protocol.aux'.

LaTeX Font Info:    Checking defaults for OML/cmm/m/it on input line 116.
LaTeX Font Info:    ... okay on input line 116.
LaTeX Font Info:    Checking defaults for OMS/cmsy/m/n on input line 116.
LaTeX Font Info:    ... okay on input line 116.
LaTeX Font Info:    Checking defaults for OT1/cmr/m/n on input line 116.
LaTeX Font Info:    ... okay on input line 116.
LaTeX Font Info:    Checking defaults for T1/cmr/m/n on input line 116.
LaTeX Font Info:    ... okay on input line 116.
LaTeX Font Info:    Checking defaults for TS1/cmr/m/n on input line 116.
LaTeX Font Info:    ... okay on input line 116.
LaTeX Font Info:    Checking defaults for OMX/cmex/m/n on input line 116.
LaTeX Font Info:    ... okay on input line 116.
LaTeX Font Info:    Checking defaults for U/cmr/m/n on input line 116.
LaTeX Font Info:    ... okay on input line 116.
LaTeX Font Info:    Checking defaults for PD1/pdf/m/n on input line 116.
LaTeX Font Info:    ... okay on input line 116.
LaTeX Font Info:    Checking defaults for PU/pdf/m/n on input line 116.
LaTeX Font Info:    ... okay on input line 116.
(/Users/alexcarriero/Library/TinyTeX/texmf-dist/tex/latex/epstopdf-pkg/epstopdf-base.sty
Package: epstopdf-base 2020-01-24 v2.11 Base part for package epstopdf
Package epstopdf-base Info: Redefining graphics rule for `.eps' on input line 485.
(/Users/alexcarriero/Library/TinyTeX/texmf-dist/tex/latex/latexconfig/epstopdf-sys.cfg
File: epstopdf-sys.cfg 2010/07/13 v1.3 Configuration of (r)epstopdf for TeX Live
))
*geometry* driver: auto-detecting
*geometry* detected driver: pdftex
*geometry* verbose mode - [ preamble ] result:
* driver: pdftex
* paper: <default>
* layout: <same size as paper>
* layoutoffset:(h,v)=(0.0pt,0.0pt)
* modes: 
* h-part:(L,W,R)=(99.58464pt, 415.12572pt, 99.58464pt)
* v-part:(T,H,B)=(99.58464pt, 595.8007pt, 99.58464pt)
* \paperwidth=614.295pt
* \paperheight=794.96999pt
* \textwidth=415.12572pt
* \textheight=595.8007pt
* \oddsidemargin=27.31465pt
* \evensidemargin=27.31465pt
* \topmargin=-9.68535pt
* \headheight=12.0pt
* \headsep=25.0pt
* \topskip=10.0pt
* \footskip=30.0pt
* \marginparwidth=65.0pt
* \marginparsep=11.0pt
* \columnsep=10.0pt
* \skip\footins=9.0pt plus 4.0pt minus 2.0pt
* \hoffset=0.0pt
* \voffset=0.0pt
* \mag=1000
* \@twocolumnfalse
* \@twosidefalse
* \@mparswitchfalse
* \@reversemarginfalse
* (1in=72.27pt=25.4mm, 1cm=28.453pt)

Package biblatex Info: Trying to load language 'english'...
Package biblatex Info: ... file 'english.lbx' found.
(/Users/alexcarriero/Library/TinyTeX/texmf-dist/tex/latex/biblatex/lbx/english.lbx
File: english.lbx 2022/07/12 v3.18b biblatex localization (PK/MW)
)
Package biblatex Info: Input encoding 'utf8' detected.
Package biblatex Info: Automatic encoding selection.
(biblatex)             Assuming data encoding 'utf8'.
\openout3 = `sim-protocol.bcf'.

Package biblatex Info: Trying to load bibliographic data...
Package biblatex Info: ... file 'sim-protocol.bbl' not found.
No file sim-protocol.bbl.
Package biblatex Info: Reference section=0 on input line 116.
Package biblatex Info: Reference segment=0 on input line 116.
Package hyperref Info: Link coloring OFF on input line 116.
LaTeX Font Info:    Trying to load font information for OT1+lmr on input line 118.
(/Users/alexcarriero/Library/TinyTeX/texmf-dist/tex/latex/lm/ot1lmr.fd
File: ot1lmr.fd 2015/05/01 v1.6.1 Font defs for Latin Modern
)
LaTeX Font Info:    Trying to load font information for OML+lmm on input line 118.
(/Users/alexcarriero/Library/TinyTeX/texmf-dist/tex/latex/lm/omllmm.fd
File: omllmm.fd 2015/05/01 v1.6.1 Font defs for Latin Modern
)
LaTeX Font Info:    Trying to load font information for OMS+lmsy on input line 118.
(/Users/alexcarriero/Library/TinyTeX/texmf-dist/tex/latex/lm/omslmsy.fd
File: omslmsy.fd 2015/05/01 v1.6.1 Font defs for Latin Modern
)
LaTeX Font Info:    Trying to load font information for OMX+lmex on input line 118.
(/Users/alexcarriero/Library/TinyTeX/texmf-dist/tex/latex/lm/omxlmex.fd
File: omxlmex.fd 2015/05/01 v1.6.1 Font defs for Latin Modern
)
LaTeX Font Info:    External font `lmex10' loaded for size
(Font)              <12> on input line 118.
LaTeX Font Info:    External font `lmex10' loaded for size
(Font)              <8> on input line 118.
LaTeX Font Info:    External font `lmex10' loaded for size
(Font)              <6> on input line 118.
LaTeX Font Info:    Trying to load font information for U+msa on input line 118.
(/Users/alexcarriero/Library/TinyTeX/texmf-dist/tex/latex/amsfonts/umsa.fd
File: umsa.fd 2013/01/14 v3.01 AMS symbols A
)
LaTeX Font Info:    Trying to load font information for U+msb on input line 118.
(/Users/alexcarriero/Library/TinyTeX/texmf-dist/tex/latex/amsfonts/umsb.fd
File: umsb.fd 2013/01/14 v3.01 AMS symbols B
) [1

{/Users/alexcarriero/Library/TinyTeX/texmf-var/fonts/map/pdftex/updmap/pdftex.map}]
LaTeX Font Info:    External font `lmex10' loaded for size
(Font)              <10> on input line 157.
LaTeX Font Info:    External font `lmex10' loaded for size
(Font)              <7> on input line 157.
LaTeX Font Info:    External font `lmex10' loaded for size
(Font)              <5> on input line 157.

Underfull \hbox (badness 10000) in paragraph at lines 185--196

 []


Underfull \hbox (badness 10000) in paragraph at lines 197--222

 []

[2]

LaTeX Warning: `!h' float specifier changed to `!ht'.

[3] [4] [5]
Underfull \hbox (badness 10000) in paragraph at lines 398--400

 []


Underfull \hbox (badness 10000) in paragraph at lines 405--408

 []


Underfull \hbox (badness 10000) in paragraph at lines 413--416

 []


Underfull \hbox (badness 10000) in paragraph at lines 418--427

 []


Underfull \hbox (badness 10000) in paragraph at lines 432--437

 []

[6]
Underfull \hbox (badness 10000) in paragraph at lines 451--460

 []


Underfull \hbox (badness 10000) in paragraph at lines 497--499

 []

[7] [8] (./sim-protocol.aux)
Package logreq Info: Writing requests to 'sim-protocol.run.xml'.
\openout1 = `sim-protocol.run.xml'.

 ) 
Here is how much of TeX's memory you used:
 19876 strings out of 478053
 345444 string characters out of 5839553
 1891793 words of memory out of 5000000
 39658 multiletter control sequences out of 15000+600000
 570755 words of font info for 75 fonts, out of 8000000 for 9000
 14 hyphenation exceptions out of 8191
 74i,17n,81p,685b,801s stack positions out of 10000i,1000n,20000p,200000b,200000s
{/Users/alexcarriero/Library/TinyTeX/texmf-dist/fonts/enc/dvips/lm/lm-rm.enc}{/Users/alexcarriero/Library/TinyTeX/texmf-dist/fonts/enc/dvips/lm/lm-mathsy.enc}{/Users/alexcarriero/Library/TinyTeX/texmf-dist/fonts/enc/dvips/lm/lm-mathex.enc}{/Users/alexcarriero/Library/TinyTeX/texmf-dist/fonts/enc/dvips/lm/lm-ec.enc}{/Users/alexcarriero/Library/TinyTeX/texmf-dist/fonts/enc/dvips/lm/lm-mathit.enc}</Users/alexcarriero/Library/TinyTeX/texmf-dist/fonts/type1/public/lm/lmbx10.pfb></Users/alexcarriero/Library/TinyTeX/texmf-dist/fonts/type1/public/lm/lmbx12.pfb></Users/alexcarriero/Library/TinyTeX/texmf-dist/fonts/type1/public/lm/lmex10.pfb></Users/alexcarriero/Library/TinyTeX/texmf-dist/fonts/type1/public/lm/lmmi10.pfb></Users/alexcarriero/Library/TinyTeX/texmf-dist/fonts/type1/public/lm/lmmi7.pfb></Users/alexcarriero/Library/TinyTeX/texmf-dist/fonts/type1/public/lm/lmr10.pfb></Users/alexcarriero/Library/TinyTeX/texmf-dist/fonts/type1/public/lm/lmr12.pfb></Users/alexcarriero/Library/TinyTeX/texmf-dist/fonts/type1/public/lm/lmr5.pfb></Users/alexcarriero/Library/TinyTeX/texmf-dist/fonts/type1/public/lm/lmr7.pfb></Users/alexcarriero/Library/TinyTeX/texmf-dist/fonts/type1/public/lm/lmri10.pfb></Users/alexcarriero/Library/TinyTeX/texmf-dist/fonts/type1/public/lm/lmsy10.pfb></Users/alexcarriero/Library/TinyTeX/texmf-dist/fonts/type1/public/lm/lmsy7.pfb>
Output written on sim-protocol.pdf (8 pages, 205211 bytes).
PDF statistics:
 195 PDF objects out of 1000 (max. 8388607)
 156 compressed objects within 2 object streams
 48 named destinations out of 1000 (max. 500000)
 73 words of extra memory for PDF output out of 10000 (max. 10000000)

