This is pdfTeX, Version 3.141592653-2.6-1.40.25 (TeX Live 2023) (preloaded format=pdflatex 2023.4.21)  8 MAY 2023 02:43
entering extended mode
 restricted \write18 enabled.
 %&-line parsing enabled.
**supplementary_mat.tex
(./supplementary_mat.tex
LaTeX2e <2022-11-01> patch level 1
L3 programming layer <2023-04-20> (/Users/alexcarriero/Library/TinyTeX/texmf-dist/tex/latex/base/article.cls
Document Class: article 2022/07/02 v1.4n Standard LaTeX document class
(/Users/alexcarriero/Library/TinyTeX/texmf-dist/tex/latex/base/size10.clo
File: size10.clo 2022/07/02 v1.4n Standard LaTeX file (size option)
)
\c@part=\count185
\c@section=\count186
\c@subsection=\count187
\c@subsubsection=\count188
\c@paragraph=\count189
\c@subparagraph=\count190
\c@figure=\count191
\c@table=\count192
\abovecaptionskip=\skip48
\belowcaptionskip=\skip49
\bibindent=\dimen140
) (/Users/alexcarriero/Library/TinyTeX/texmf-dist/tex/latex/amsmath/amsmath.sty
Package: amsmath 2022/04/08 v2.17n AMS math features
\@mathmargin=\skip50
For additional information on amsmath, use the `?' option.
(/Users/alexcarriero/Library/TinyTeX/texmf-dist/tex/latex/amsmath/amstext.sty
Package: amstext 2021/08/26 v2.01 AMS text
(/Users/alexcarriero/Library/TinyTeX/texmf-dist/tex/latex/amsmath/amsgen.sty
File: amsgen.sty 1999/11/30 v2.0 generic functions
\@emptytoks=\toks16
\ex@=\dimen141
)) (/Users/alexcarriero/Library/TinyTeX/texmf-dist/tex/latex/amsmath/amsbsy.sty
Package: amsbsy 1999/11/29 v1.2d Bold Symbols
\pmbraise@=\dimen142
) (/Users/alexcarriero/Library/TinyTeX/texmf-dist/tex/latex/amsmath/amsopn.sty
Package: amsopn 2022/04/08 v2.04 operator names
)
\inf@bad=\count193
LaTeX Info: Redefining \frac on input line 234.
\uproot@=\count194
\leftroot@=\count195
LaTeX Info: Redefining \overline on input line 399.
LaTeX Info: Redefining \colon on input line 410.
\classnum@=\count196
\DOTSCASE@=\count197
LaTeX Info: Redefining \ldots on input line 496.
LaTeX Info: Redefining \dots on input line 499.
LaTeX Info: Redefining \cdots on input line 620.
\Mathstrutbox@=\box51
\strutbox@=\box52
LaTeX Info: Redefining \big on input line 722.
LaTeX Info: Redefining \Big on input line 723.
LaTeX Info: Redefining \bigg on input line 724.
LaTeX Info: Redefining \Bigg on input line 725.
\big@size=\dimen143
LaTeX Font Info:    Redeclaring font encoding OML on input line 743.
LaTeX Font Info:    Redeclaring font encoding OMS on input line 744.
\macc@depth=\count198
LaTeX Info: Redefining \bmod on input line 905.
LaTeX Info: Redefining \pmod on input line 910.
LaTeX Info: Redefining \smash on input line 940.
LaTeX Info: Redefining \relbar on input line 970.
LaTeX Info: Redefining \Relbar on input line 971.
\c@MaxMatrixCols=\count199
\dotsspace@=\muskip16
\c@parentequation=\count266
\dspbrk@lvl=\count267
\tag@help=\toks17
\row@=\count268
\column@=\count269
\maxfields@=\count270
\andhelp@=\toks18
\eqnshift@=\dimen144
\alignsep@=\dimen145
\tagshift@=\dimen146
\tagwidth@=\dimen147
\totwidth@=\dimen148
\lineht@=\dimen149
\@envbody=\toks19
\multlinegap=\skip51
\multlinetaggap=\skip52
\mathdisplay@stack=\toks20
LaTeX Info: Redefining \[ on input line 2953.
LaTeX Info: Redefining \] on input line 2954.
) (/Users/alexcarriero/Library/TinyTeX/texmf-dist/tex/latex/amsfonts/amssymb.sty
Package: amssymb 2013/01/14 v3.01 AMS font symbols
(/Users/alexcarriero/Library/TinyTeX/texmf-dist/tex/latex/amsfonts/amsfonts.sty
Package: amsfonts 2013/01/14 v3.01 Basic AMSFonts support
\symAMSa=\mathgroup4
\symAMSb=\mathgroup5
LaTeX Font Info:    Redeclaring math symbol \hbar on input line 98.
LaTeX Font Info:    Overwriting math alphabet `\mathfrak' in version `bold'
(Font)                  U/euf/m/n --> U/euf/b/n on input line 106.
)) (/Users/alexcarriero/Library/TinyTeX/texmf-dist/tex/latex/lm/lmodern.sty
Package: lmodern 2015/05/01 v1.6.1 Latin Modern Fonts
LaTeX Font Info:    Overwriting symbol font `operators' in version `normal'
(Font)                  OT1/cmr/m/n --> OT1/lmr/m/n on input line 22.
LaTeX Font Info:    Overwriting symbol font `letters' in version `normal'
(Font)                  OML/cmm/m/it --> OML/lmm/m/it on input line 23.
LaTeX Font Info:    Overwriting symbol font `symbols' in version `normal'
(Font)                  OMS/cmsy/m/n --> OMS/lmsy/m/n on input line 24.
LaTeX Font Info:    Overwriting symbol font `largesymbols' in version `normal'
(Font)                  OMX/cmex/m/n --> OMX/lmex/m/n on input line 25.
LaTeX Font Info:    Overwriting symbol font `operators' in version `bold'
(Font)                  OT1/cmr/bx/n --> OT1/lmr/bx/n on input line 26.
LaTeX Font Info:    Overwriting symbol font `letters' in version `bold'
(Font)                  OML/cmm/b/it --> OML/lmm/b/it on input line 27.
LaTeX Font Info:    Overwriting symbol font `symbols' in version `bold'
(Font)                  OMS/cmsy/b/n --> OMS/lmsy/b/n on input line 28.
LaTeX Font Info:    Overwriting symbol font `largesymbols' in version `bold'
(Font)                  OMX/cmex/m/n --> OMX/lmex/m/n on input line 29.
LaTeX Font Info:    Overwriting math alphabet `\mathbf' in version `normal'
(Font)                  OT1/cmr/bx/n --> OT1/lmr/bx/n on input line 31.
LaTeX Font Info:    Overwriting math alphabet `\mathsf' in version `normal'
(Font)                  OT1/cmss/m/n --> OT1/lmss/m/n on input line 32.
LaTeX Font Info:    Overwriting math alphabet `\mathit' in version `normal'
(Font)                  OT1/cmr/m/it --> OT1/lmr/m/it on input line 33.
LaTeX Font Info:    Overwriting math alphabet `\mathtt' in version `normal'
(Font)                  OT1/cmtt/m/n --> OT1/lmtt/m/n on input line 34.
LaTeX Font Info:    Overwriting math alphabet `\mathbf' in version `bold'
(Font)                  OT1/cmr/bx/n --> OT1/lmr/bx/n on input line 35.
LaTeX Font Info:    Overwriting math alphabet `\mathsf' in version `bold'
(Font)                  OT1/cmss/bx/n --> OT1/lmss/bx/n on input line 36.
LaTeX Font Info:    Overwriting math alphabet `\mathit' in version `bold'
(Font)                  OT1/cmr/bx/it --> OT1/lmr/bx/it on input line 37.
LaTeX Font Info:    Overwriting math alphabet `\mathtt' in version `bold'
(Font)                  OT1/cmtt/m/n --> OT1/lmtt/m/n on input line 38.
) (/Users/alexcarriero/Library/TinyTeX/texmf-dist/tex/generic/iftex/iftex.sty
Package: iftex 2022/02/03 v1.0f TeX engine tests
) (/Users/alexcarriero/Library/TinyTeX/texmf-dist/tex/latex/base/fontenc.sty
Package: fontenc 2021/04/29 v2.0v Standard LaTeX package
LaTeX Font Info:    Trying to load font information for T1+lmr on input line 112.
(/Users/alexcarriero/Library/TinyTeX/texmf-dist/tex/latex/lm/t1lmr.fd
File: t1lmr.fd 2015/05/01 v1.6.1 Font defs for Latin Modern
)) (/Users/alexcarriero/Library/TinyTeX/texmf-dist/tex/latex/base/inputenc.sty
Package: inputenc 2021/02/14 v1.3d Input encoding file
\inpenc@prehook=\toks21
\inpenc@posthook=\toks22
) (/Users/alexcarriero/Library/TinyTeX/texmf-dist/tex/latex/base/textcomp.sty
Package: textcomp 2020/02/02 v2.0n Standard LaTeX package
) (/Users/alexcarriero/Library/TinyTeX/texmf-dist/tex/latex/xcolor/xcolor.sty
Package: xcolor 2022/06/12 v2.14 LaTeX color extensions (UK)
(/Users/alexcarriero/Library/TinyTeX/texmf-dist/tex/latex/graphics-cfg/color.cfg
File: color.cfg 2016/01/02 v1.6 sample color configuration
)
Package xcolor Info: Driver file: pdftex.def on input line 227.
(/Users/alexcarriero/Library/TinyTeX/texmf-dist/tex/latex/graphics-def/pdftex.def
File: pdftex.def 2022/09/22 v1.2b Graphics/color driver for pdftex
) (/Users/alexcarriero/Library/TinyTeX/texmf-dist/tex/latex/graphics/mathcolor.ltx)
Package xcolor Info: Model `cmy' substituted by `cmy0' on input line 1353.
Package xcolor Info: Model `hsb' substituted by `rgb' on input line 1357.
Package xcolor Info: Model `RGB' extended on input line 1369.
Package xcolor Info: Model `HTML' substituted by `rgb' on input line 1371.
Package xcolor Info: Model `Hsb' substituted by `hsb' on input line 1372.
Package xcolor Info: Model `tHsb' substituted by `hsb' on input line 1373.
Package xcolor Info: Model `HSB' substituted by `hsb' on input line 1374.
Package xcolor Info: Model `Gray' substituted by `gray' on input line 1375.
Package xcolor Info: Model `wave' substituted by `hsb' on input line 1376.
) (/Users/alexcarriero/Library/TinyTeX/texmf-dist/tex/latex/geometry/geometry.sty
Package: geometry 2020/01/02 v5.9 Page Geometry
(/Users/alexcarriero/Library/TinyTeX/texmf-dist/tex/latex/graphics/keyval.sty
Package: keyval 2022/05/29 v1.15 key=value parser (DPC)
\KV@toks@=\toks23
) (/Users/alexcarriero/Library/TinyTeX/texmf-dist/tex/generic/iftex/ifvtex.sty
Package: ifvtex 2019/10/25 v1.7 ifvtex legacy package. Use iftex instead.
)
\Gm@cnth=\count271
\Gm@cntv=\count272
\c@Gm@tempcnt=\count273
\Gm@bindingoffset=\dimen150
\Gm@wd@mp=\dimen151
\Gm@odd@mp=\dimen152
\Gm@even@mp=\dimen153
\Gm@layoutwidth=\dimen154
\Gm@layoutheight=\dimen155
\Gm@layouthoffset=\dimen156
\Gm@layoutvoffset=\dimen157
\Gm@dimlist=\toks24
) (/Users/alexcarriero/Library/TinyTeX/texmf-dist/tex/latex/fancyvrb/fancyvrb.sty
Package: fancyvrb 2023/01/19 4.5a verbatim text (tvz,hv)
\FV@CodeLineNo=\count274
\FV@InFile=\read2
\FV@TabBox=\box53
\c@FancyVerbLine=\count275
\FV@StepNumber=\count276
\FV@OutFile=\write3
) (/Users/alexcarriero/Library/TinyTeX/texmf-dist/tex/latex/framed/framed.sty
Package: framed 2011/10/22 v 0.96: framed or shaded text with page breaks
\OuterFrameSep=\skip53
\fb@frw=\dimen158
\fb@frh=\dimen159
\FrameRule=\dimen160
\FrameSep=\dimen161
) (/Users/alexcarriero/Library/TinyTeX/texmf-dist/tex/latex/graphics/graphicx.sty
Package: graphicx 2021/09/16 v1.2d Enhanced LaTeX Graphics (DPC,SPQR)
(/Users/alexcarriero/Library/TinyTeX/texmf-dist/tex/latex/graphics/graphics.sty
Package: graphics 2022/03/10 v1.4e Standard LaTeX Graphics (DPC,SPQR)
(/Users/alexcarriero/Library/TinyTeX/texmf-dist/tex/latex/graphics/trig.sty
Package: trig 2021/08/11 v1.11 sin cos tan (DPC)
) (/Users/alexcarriero/Library/TinyTeX/texmf-dist/tex/latex/graphics-cfg/graphics.cfg
File: graphics.cfg 2016/06/04 v1.11 sample graphics configuration
)
Package graphics Info: Driver file: pdftex.def on input line 107.
)
\Gin@req@height=\dimen162
\Gin@req@width=\dimen163
) (/Users/alexcarriero/Library/TinyTeX/texmf-dist/tex/latex/tools/longtable.sty
Package: longtable 2021-09-01 v4.17 Multi-page Table package (DPC)
\LTleft=\skip54
\LTright=\skip55
\LTpre=\skip56
\LTpost=\skip57
\LTchunksize=\count277
\LTcapwidth=\dimen164
\LT@head=\box54
\LT@firsthead=\box55
\LT@foot=\box56
\LT@lastfoot=\box57
\LT@gbox=\box58
\LT@cols=\count278
\LT@rows=\count279
\c@LT@tables=\count280
\c@LT@chunks=\count281
\LT@p@ftn=\toks25
) (/Users/alexcarriero/Library/TinyTeX/texmf-dist/tex/latex/booktabs/booktabs.sty
Package: booktabs 2020/01/12 v1.61803398 Publication quality tables
\heavyrulewidth=\dimen165
\lightrulewidth=\dimen166
\cmidrulewidth=\dimen167
\belowrulesep=\dimen168
\belowbottomsep=\dimen169
\aboverulesep=\dimen170
\abovetopsep=\dimen171
\cmidrulesep=\dimen172
\cmidrulekern=\dimen173
\defaultaddspace=\dimen174
\@cmidla=\count282
\@cmidlb=\count283
\@aboverulesep=\dimen175
\@belowrulesep=\dimen176
\@thisruleclass=\count284
\@lastruleclass=\count285
\@thisrulewidth=\dimen177
) (/Users/alexcarriero/Library/TinyTeX/texmf-dist/tex/latex/graphics/rotating.sty
Package: rotating 2016/08/11 v2.16d rotated objects in LaTeX
(/Users/alexcarriero/Library/TinyTeX/texmf-dist/tex/latex/base/ifthen.sty
Package: ifthen 2022/04/13 v1.1d Standard LaTeX ifthen package (DPC)
)
\c@r@tfl@t=\count286
\rotFPtop=\skip58
\rotFPbot=\skip59
\rot@float@box=\box59
\rot@mess@toks=\toks26
) (/Users/alexcarriero/Library/TinyTeX/texmf-dist/tex/latex/caption/caption.sty
Package: caption 2023/03/12 v3.6j Customizing captions (AR)
(/Users/alexcarriero/Library/TinyTeX/texmf-dist/tex/latex/caption/caption3.sty
Package: caption3 2023/03/12 v2.4 caption3 kernel (AR)
\caption@tempdima=\dimen178
\captionmargin=\dimen179
\caption@leftmargin=\dimen180
\caption@rightmargin=\dimen181
\caption@width=\dimen182
\caption@indent=\dimen183
\caption@parindent=\dimen184
\caption@hangindent=\dimen185
Package caption Info: Standard document class detected.
)
\c@caption@flags=\count287
\c@continuedfloat=\count288
Package caption Info: longtable package is loaded.
(/Users/alexcarriero/Library/TinyTeX/texmf-dist/tex/latex/caption/ltcaption.sty
Package: ltcaption 2021/01/08 v1.4c longtable captions (AR)
)
Package caption Info: rotating package is loaded.
) (/Users/alexcarriero/Library/TinyTeX/texmf-dist/tex/latex/bookmark/bookmark.sty
Package: bookmark 2020-11-06 v1.29 PDF bookmarks (HO)
(/Users/alexcarriero/Library/TinyTeX/texmf-dist/tex/latex/hyperref/hyperref.sty
Package: hyperref 2023-04-22 v7.00x Hypertext links for LaTeX
(/Users/alexcarriero/Library/TinyTeX/texmf-dist/tex/generic/ltxcmds/ltxcmds.sty
Package: ltxcmds 2020-05-10 v1.25 LaTeX kernel commands for general use (HO)
) (/Users/alexcarriero/Library/TinyTeX/texmf-dist/tex/generic/pdftexcmds/pdftexcmds.sty
Package: pdftexcmds 2020-06-27 v0.33 Utility functions of pdfTeX for LuaTeX (HO)
(/Users/alexcarriero/Library/TinyTeX/texmf-dist/tex/generic/infwarerr/infwarerr.sty
Package: infwarerr 2019/12/03 v1.5 Providing info/warning/error messages (HO)
)
Package pdftexcmds Info: \pdf@primitive is available.
Package pdftexcmds Info: \pdf@ifprimitive is available.
Package pdftexcmds Info: \pdfdraftmode found.
) (/Users/alexcarriero/Library/TinyTeX/texmf-dist/tex/latex/kvsetkeys/kvsetkeys.sty
Package: kvsetkeys 2022-10-05 v1.19 Key value parser (HO)
) (/Users/alexcarriero/Library/TinyTeX/texmf-dist/tex/generic/kvdefinekeys/kvdefinekeys.sty
Package: kvdefinekeys 2019-12-19 v1.6 Define keys (HO)
) (/Users/alexcarriero/Library/TinyTeX/texmf-dist/tex/generic/pdfescape/pdfescape.sty
Package: pdfescape 2019/12/09 v1.15 Implements pdfTeX's escape features (HO)
) (/Users/alexcarriero/Library/TinyTeX/texmf-dist/tex/latex/hycolor/hycolor.sty
Package: hycolor 2020-01-27 v1.10 Color options for hyperref/bookmark (HO)
) (/Users/alexcarriero/Library/TinyTeX/texmf-dist/tex/latex/letltxmacro/letltxmacro.sty
Package: letltxmacro 2019/12/03 v1.6 Let assignment for LaTeX macros (HO)
) (/Users/alexcarriero/Library/TinyTeX/texmf-dist/tex/latex/auxhook/auxhook.sty
Package: auxhook 2019-12-17 v1.6 Hooks for auxiliary files (HO)
) (/Users/alexcarriero/Library/TinyTeX/texmf-dist/tex/latex/hyperref/nameref.sty
Package: nameref 2022-05-17 v2.50 Cross-referencing by name of section
(/Users/alexcarriero/Library/TinyTeX/texmf-dist/tex/latex/refcount/refcount.sty
Package: refcount 2019/12/15 v3.6 Data extraction from label references (HO)
) (/Users/alexcarriero/Library/TinyTeX/texmf-dist/tex/generic/gettitlestring/gettitlestring.sty
Package: gettitlestring 2019/12/15 v1.6 Cleanup title references (HO)
(/Users/alexcarriero/Library/TinyTeX/texmf-dist/tex/latex/kvoptions/kvoptions.sty
Package: kvoptions 2022-06-15 v3.15 Key value format for package options (HO)
))
\c@section@level=\count289
) (/Users/alexcarriero/Library/TinyTeX/texmf-dist/tex/latex/etoolbox/etoolbox.sty
Package: etoolbox 2020/10/05 v2.5k e-TeX tools for LaTeX (JAW)
\etb@tempcnta=\count290
)
\@linkdim=\dimen186
\Hy@linkcounter=\count291
\Hy@pagecounter=\count292
(/Users/alexcarriero/Library/TinyTeX/texmf-dist/tex/latex/hyperref/pd1enc.def
File: pd1enc.def 2023-04-22 v7.00x Hyperref: PDFDocEncoding definition (HO)
Now handling font encoding PD1 ...
... no UTF-8 mapping file for font encoding PD1
) (/Users/alexcarriero/Library/TinyTeX/texmf-dist/tex/generic/intcalc/intcalc.sty
Package: intcalc 2019/12/15 v1.3 Expandable calculations with integers (HO)
)
\Hy@SavedSpaceFactor=\count293
(/Users/alexcarriero/Library/TinyTeX/texmf-dist/tex/latex/hyperref/puenc.def
File: puenc.def 2023-04-22 v7.00x Hyperref: PDF Unicode definition (HO)
Now handling font encoding PU ...
... no UTF-8 mapping file for font encoding PU
)
Package hyperref Info: Option `unicode' set `true' on input line 4065.
Package hyperref Info: Hyper figures OFF on input line 4182.
Package hyperref Info: Link nesting OFF on input line 4187.
Package hyperref Info: Hyper index ON on input line 4190.
Package hyperref Info: Plain pages OFF on input line 4197.
Package hyperref Info: Backreferencing OFF on input line 4202.
Package hyperref Info: Implicit mode ON; LaTeX internals redefined.
Package hyperref Info: Bookmarks ON on input line 4449.
\c@Hy@tempcnt=\count294
(/Users/alexcarriero/Library/TinyTeX/texmf-dist/tex/latex/url/url.sty
\Urlmuskip=\muskip17
Package: url 2013/09/16  ver 3.4  Verb mode for urls, etc.
)
LaTeX Info: Redefining \url on input line 4787.
\XeTeXLinkMargin=\dimen187
(/Users/alexcarriero/Library/TinyTeX/texmf-dist/tex/generic/bitset/bitset.sty
Package: bitset 2019/12/09 v1.3 Handle bit-vector datatype (HO)
(/Users/alexcarriero/Library/TinyTeX/texmf-dist/tex/generic/bigintcalc/bigintcalc.sty
Package: bigintcalc 2019/12/15 v1.5 Expandable calculations on big integers (HO)
))
\Fld@menulength=\count295
\Field@Width=\dimen188
\Fld@charsize=\dimen189
Package hyperref Info: Hyper figures OFF on input line 6066.
Package hyperref Info: Link nesting OFF on input line 6071.
Package hyperref Info: Hyper index ON on input line 6074.
Package hyperref Info: backreferencing OFF on input line 6081.
Package hyperref Info: Link coloring OFF on input line 6086.
Package hyperref Info: Link coloring with OCG OFF on input line 6091.
Package hyperref Info: PDF/A mode OFF on input line 6096.
(/Users/alexcarriero/Library/TinyTeX/texmf-dist/tex/latex/base/atbegshi-ltx.sty
Package: atbegshi-ltx 2021/01/10 v1.0c Emulation of the original atbegshi
package with kernel methods
)
\Hy@abspage=\count296
\c@Item=\count297
\c@Hfootnote=\count298
)
Package hyperref Info: Driver (autodetected): hpdftex.
(/Users/alexcarriero/Library/TinyTeX/texmf-dist/tex/latex/hyperref/hpdftex.def
File: hpdftex.def 2023-04-22 v7.00x Hyperref driver for pdfTeX
(/Users/alexcarriero/Library/TinyTeX/texmf-dist/tex/latex/base/atveryend-ltx.sty
Package: atveryend-ltx 2020/08/19 v1.0a Emulation of the original atveryend package
with kernel methods
)
\Fld@listcount=\count299
\c@bookmark@seq@number=\count300
(/Users/alexcarriero/Library/TinyTeX/texmf-dist/tex/latex/rerunfilecheck/rerunfilecheck.sty
Package: rerunfilecheck 2022-07-10 v1.10 Rerun checks for auxiliary files (HO)
(/Users/alexcarriero/Library/TinyTeX/texmf-dist/tex/generic/uniquecounter/uniquecounter.sty
Package: uniquecounter 2019/12/15 v1.4 Provide unlimited unique counter (HO)
)
Package uniquecounter Info: New unique counter `rerunfilecheck' on input line 285.
)
\Hy@SectionHShift=\skip60
) (/Users/alexcarriero/Library/TinyTeX/texmf-dist/tex/latex/bookmark/bkm-pdftex.def
File: bkm-pdftex.def 2020-11-06 v1.29 bookmark driver for pdfTeX (HO)
\BKM@id=\count301
)) (/Users/alexcarriero/Library/TinyTeX/texmf-dist/tex/latex/l3backend/l3backend-pdftex.def
File: l3backend-pdftex.def 2023-04-19 L3 backend support: PDF output (pdfTeX)
\l__color_backend_stack_int=\count302
\l__pdf_internal_box=\box60
)
No file supplementary_mat.aux.
\openout1 = `supplementary_mat.aux'.

LaTeX Font Info:    Checking defaults for OML/cmm/m/it on input line 116.
LaTeX Font Info:    ... okay on input line 116.
LaTeX Font Info:    Checking defaults for OMS/cmsy/m/n on input line 116.
LaTeX Font Info:    ... okay on input line 116.
LaTeX Font Info:    Checking defaults for OT1/cmr/m/n on input line 116.
LaTeX Font Info:    ... okay on input line 116.
LaTeX Font Info:    Checking defaults for T1/cmr/m/n on input line 116.
LaTeX Font Info:    ... okay on input line 116.
LaTeX Font Info:    Checking defaults for TS1/cmr/m/n on input line 116.
LaTeX Font Info:    ... okay on input line 116.
LaTeX Font Info:    Checking defaults for OMX/cmex/m/n on input line 116.
LaTeX Font Info:    ... okay on input line 116.
LaTeX Font Info:    Checking defaults for U/cmr/m/n on input line 116.
LaTeX Font Info:    ... okay on input line 116.
LaTeX Font Info:    Checking defaults for PD1/pdf/m/n on input line 116.
LaTeX Font Info:    ... okay on input line 116.
LaTeX Font Info:    Checking defaults for PU/pdf/m/n on input line 116.
LaTeX Font Info:    ... okay on input line 116.
(/Users/alexcarriero/Library/TinyTeX/texmf-dist/tex/latex/epstopdf-pkg/epstopdf-base.sty
Package: epstopdf-base 2020-01-24 v2.11 Base part for package epstopdf
Package epstopdf-base Info: Redefining graphics rule for `.eps' on input line 485.
(/Users/alexcarriero/Library/TinyTeX/texmf-dist/tex/latex/latexconfig/epstopdf-sys.cfg
File: epstopdf-sys.cfg 2010/07/13 v1.3 Configuration of (r)epstopdf for TeX Live
))
*geometry* driver: auto-detecting
*geometry* detected driver: pdftex
*geometry* verbose mode - [ preamble ] result:
* driver: pdftex
* paper: <default>
* layout: <same size as paper>
* layoutoffset:(h,v)=(0.0pt,0.0pt)
* modes: 
* h-part:(L,W,R)=(36.135pt, 542.02501pt, 36.135pt)
* v-part:(T,H,B)=(36.135pt, 722.7pt, 36.135pt)
* \paperwidth=614.295pt
* \paperheight=794.96999pt
* \textwidth=542.02501pt
* \textheight=722.7pt
* \oddsidemargin=-36.135pt
* \evensidemargin=-36.135pt
* \topmargin=-73.135pt
* \headheight=12.0pt
* \headsep=25.0pt
* \topskip=10.0pt
* \footskip=30.0pt
* \marginparwidth=65.0pt
* \marginparsep=11.0pt
* \columnsep=10.0pt
* \skip\footins=9.0pt plus 4.0pt minus 2.0pt
* \hoffset=0.0pt
* \voffset=0.0pt
* \mag=1000
* \@twocolumnfalse
* \@twosidefalse
* \@mparswitchfalse
* \@reversemarginfalse
* (1in=72.27pt=25.4mm, 1cm=28.453pt)

Package caption Info: Begin \AtBeginDocument code.
Package caption Info: hyperref package is loaded.
Package caption Info: End \AtBeginDocument code.
Package hyperref Info: Link coloring OFF on input line 116.

Underfull \hbox (badness 10000) in paragraph at lines 124--169

 []

[1

{/Users/alexcarriero/Library/TinyTeX/texmf-var/fonts/map/pdftex/updmap/pdftex.map}{/Users/alexcarriero/Library/TinyTeX/texmf-dist/fonts/enc/dvips/lm/lm-ec.enc}]
Underfull \hbox (badness 10000) in paragraph at lines 172--175

 []

LaTeX Font Info:    Trying to load font information for T1+lmtt on input line 177.
(/Users/alexcarriero/Library/TinyTeX/texmf-dist/tex/latex/lm/t1lmtt.fd
File: t1lmtt.fd 2015/05/01 v1.6.1 Font defs for Latin Modern
)
LaTeX Font Info:    Font shape `T1/lmtt/bx/n' in size <8> not available
(Font)              Font shape `T1/lmtt/b/n' tried instead on input line 183.
[2]
Underfull \hbox (badness 10000) in paragraph at lines 224--228

 []

[3]
Underfull \hbox (badness 10000) in paragraph at lines 274--274

 []

LaTeX Font Info:    Trying to load font information for OT1+lmr on input line 283.
(/Users/alexcarriero/Library/TinyTeX/texmf-dist/tex/latex/lm/ot1lmr.fd
File: ot1lmr.fd 2015/05/01 v1.6.1 Font defs for Latin Modern
)
LaTeX Font Info:    Trying to load font information for OML+lmm on input line 283.
(/Users/alexcarriero/Library/TinyTeX/texmf-dist/tex/latex/lm/omllmm.fd
File: omllmm.fd 2015/05/01 v1.6.1 Font defs for Latin Modern
)
LaTeX Font Info:    Trying to load font information for OMS+lmsy on input line 283.
(/Users/alexcarriero/Library/TinyTeX/texmf-dist/tex/latex/lm/omslmsy.fd
File: omslmsy.fd 2015/05/01 v1.6.1 Font defs for Latin Modern
)
LaTeX Font Info:    Trying to load font information for OMX+lmex on input line 283.
(/Users/alexcarriero/Library/TinyTeX/texmf-dist/tex/latex/lm/omxlmex.fd
File: omxlmex.fd 2015/05/01 v1.6.1 Font defs for Latin Modern
)
LaTeX Font Info:    External font `lmex10' loaded for size
(Font)              <10> on input line 283.
LaTeX Font Info:    External font `lmex10' loaded for size
(Font)              <7> on input line 283.
LaTeX Font Info:    External font `lmex10' loaded for size
(Font)              <5> on input line 283.
LaTeX Font Info:    Trying to load font information for U+msa on input line 283.
(/Users/alexcarriero/Library/TinyTeX/texmf-dist/tex/latex/amsfonts/umsa.fd
File: umsa.fd 2013/01/14 v3.01 AMS symbols A
)
LaTeX Font Info:    Trying to load font information for U+msb on input line 283.
(/Users/alexcarriero/Library/TinyTeX/texmf-dist/tex/latex/amsfonts/umsb.fd
File: umsb.fd 2013/01/14 v3.01 AMS symbols B
)

LaTeX Warning: Reference `tab:S1' on page 4 undefined on input line 290.


LaTeX Warning: Reference `tab:S2' on page 4 undefined on input line 299.


LaTeX Warning: Reference `tab:S2' on page 4 undefined on input line 306.


LaTeX Warning: Reference `tab:S3' on page 4 undefined on input line 315.


LaTeX Warning: Reference `tab:S4' on page 4 undefined on input line 323.


Underfull \hbox (badness 10000) in paragraph at lines 276--326

 []

[4{/Users/alexcarriero/Library/TinyTeX/texmf-dist/fonts/enc/dvips/lm/lm-rm.enc}{/Users/alexcarriero/Library/TinyTeX/texmf-dist/fonts/enc/dvips/lm/lm-mathit.enc}{/Users/alexcarriero/Library/TinyTeX/texmf-dist/fonts/enc/dvips/lm/lm-mathsy.enc}]
Underfull \hbox (badness 10000) in paragraph at lines 376--377

 []


Underfull \hbox (badness 10000) in paragraph at lines 405--406

 []

[5] [6] [7] [8] [9] [10] [11]
Underfull \hbox (badness 10000) in paragraph at lines 929--929

 []


Underfull \hbox (badness 10000) in paragraph at lines 931--932

 []

<./figures/calibration_plot_manuscript_sc1.png, id=82, 867.24pt x 1084.05pt>
File: ./figures/calibration_plot_manuscript_sc1.png Graphic file (type png)
<use ./figures/calibration_plot_manuscript_sc1.png>
Package pdftex.def Info: ./figures/calibration_plot_manuscript_sc1.png  used on input line 935.
(pdftex.def)             Requested size: 379.41658pt x 474.27072pt.
<./figures/calibration_plot_manuscript_sc2.png, id=84, 867.24pt x 1084.05pt>
File: ./figures/calibration_plot_manuscript_sc2.png Graphic file (type png)
<use ./figures/calibration_plot_manuscript_sc2.png>
Package pdftex.def Info: ./figures/calibration_plot_manuscript_sc2.png  used on input line 944.
(pdftex.def)             Requested size: 379.41658pt x 474.27072pt.
<./figures/calibration_plot_manuscript_sc3.png, id=85, 867.24pt x 1084.05pt>
File: ./figures/calibration_plot_manuscript_sc3.png Graphic file (type png)
<use ./figures/calibration_plot_manuscript_sc3.png>
Package pdftex.def Info: ./figures/calibration_plot_manuscript_sc3.png  used on input line 953.
(pdftex.def)             Requested size: 379.41658pt x 474.27072pt.
<./figures/calibration_plot_manuscript_sc4.png, id=86, 867.24pt x 1084.05pt>
File: ./figures/calibration_plot_manuscript_sc4.png Graphic file (type png)
<use ./figures/calibration_plot_manuscript_sc4.png>
Package pdftex.def Info: ./figures/calibration_plot_manuscript_sc4.png  used on input line 962.
(pdftex.def)             Requested size: 379.41658pt x 474.27072pt.
<./figures/calibration_plot_manuscript_sc5.png, id=87, 867.24pt x 1084.05pt>
File: ./figures/calibration_plot_manuscript_sc5.png Graphic file (type png)
<use ./figures/calibration_plot_manuscript_sc5.png>
Package pdftex.def Info: ./figures/calibration_plot_manuscript_sc5.png  used on input line 971.
(pdftex.def)             Requested size: 379.41658pt x 474.27072pt.
<./figures/calibration_plot_manuscript_sc6.png, id=88, 867.24pt x 1084.05pt>
File: ./figures/calibration_plot_manuscript_sc6.png Graphic file (type png)
<use ./figures/calibration_plot_manuscript_sc6.png>
Package pdftex.def Info: ./figures/calibration_plot_manuscript_sc6.png  used on input line 980.
(pdftex.def)             Requested size: 379.41658pt x 474.27072pt.
<./figures/calibration_plot_manuscript_sc7.png, id=89, 867.24pt x 1084.05pt>
File: ./figures/calibration_plot_manuscript_sc7.png Graphic file (type png)
<use ./figures/calibration_plot_manuscript_sc7.png>
Package pdftex.def Info: ./figures/calibration_plot_manuscript_sc7.png  used on input line 989.
(pdftex.def)             Requested size: 379.41658pt x 474.27072pt.
<./figures/calibration_plot_manuscript_sc8.png, id=90, 867.24pt x 1084.05pt>
File: ./figures/calibration_plot_manuscript_sc8.png Graphic file (type png)
<use ./figures/calibration_plot_manuscript_sc8.png>
Package pdftex.def Info: ./figures/calibration_plot_manuscript_sc8.png  used on input line 998.
(pdftex.def)             Requested size: 379.41658pt x 474.27072pt.
<./figures/calibration_plot_manuscript_sc9.png, id=91, 867.24pt x 1084.05pt>
File: ./figures/calibration_plot_manuscript_sc9.png Graphic file (type png)
<use ./figures/calibration_plot_manuscript_sc9.png>
Package pdftex.def Info: ./figures/calibration_plot_manuscript_sc9.png  used on input line 1007.
(pdftex.def)             Requested size: 379.41658pt x 474.27072pt.
<./figures/calibration_plot_manuscript_sc10.png, id=92, 867.24pt x 1084.05pt>
File: ./figures/calibration_plot_manuscript_sc10.png Graphic file (type png)
<use ./figures/calibration_plot_manuscript_sc10.png>
Package pdftex.def Info: ./figures/calibration_plot_manuscript_sc10.png  used on input line 1016.
(pdftex.def)             Requested size: 379.41658pt x 474.27072pt.
<./figures/calibration_plot_manuscript_sc11.png, id=93, 867.24pt x 1084.05pt>
File: ./figures/calibration_plot_manuscript_sc11.png Graphic file (type png)
<use ./figures/calibration_plot_manuscript_sc11.png>
Package pdftex.def Info: ./figures/calibration_plot_manuscript_sc11.png  used on input line 1025.
(pdftex.def)             Requested size: 379.41658pt x 474.27072pt.
<./figures/calibration_plot_manuscript_sc12.png, id=94, 867.24pt x 1084.05pt>
File: ./figures/calibration_plot_manuscript_sc12.png Graphic file (type png)
<use ./figures/calibration_plot_manuscript_sc12.png>
Package pdftex.def Info: ./figures/calibration_plot_manuscript_sc12.png  used on input line 1034.
(pdftex.def)             Requested size: 379.41658pt x 474.27072pt.
<./figures/calibration_plot_manuscript_sc13.png, id=95, 867.24pt x 1084.05pt>
File: ./figures/calibration_plot_manuscript_sc13.png Graphic file (type png)
<use ./figures/calibration_plot_manuscript_sc13.png>
Package pdftex.def Info: ./figures/calibration_plot_manuscript_sc13.png  used on input line 1043.
(pdftex.def)             Requested size: 379.41658pt x 474.27072pt.
<./figures/calibration_plot_manuscript_sc14.png, id=96, 867.24pt x 1084.05pt>
File: ./figures/calibration_plot_manuscript_sc14.png Graphic file (type png)
<use ./figures/calibration_plot_manuscript_sc14.png>
Package pdftex.def Info: ./figures/calibration_plot_manuscript_sc14.png  used on input line 1052.
(pdftex.def)             Requested size: 379.41658pt x 474.27072pt.
<./figures/calibration_plot_manuscript_sc15.png, id=97, 867.24pt x 1084.05pt>
File: ./figures/calibration_plot_manuscript_sc15.png Graphic file (type png)
<use ./figures/calibration_plot_manuscript_sc15.png>
Package pdftex.def Info: ./figures/calibration_plot_manuscript_sc15.png  used on input line 1061.
(pdftex.def)             Requested size: 379.41658pt x 474.27072pt.
<./figures/calibration_plot_manuscript_sc16.png, id=98, 867.24pt x 1084.05pt>
File: ./figures/calibration_plot_manuscript_sc16.png Graphic file (type png)
<use ./figures/calibration_plot_manuscript_sc16.png>
Package pdftex.def Info: ./figures/calibration_plot_manuscript_sc16.png  used on input line 1070.
(pdftex.def)             Requested size: 379.41658pt x 474.27072pt.
<./figures/calibration_plot_manuscript_sc17.png, id=99, 867.24pt x 1084.05pt>
File: ./figures/calibration_plot_manuscript_sc17.png Graphic file (type png)
<use ./figures/calibration_plot_manuscript_sc17.png>
Package pdftex.def Info: ./figures/calibration_plot_manuscript_sc17.png  used on input line 1079.
(pdftex.def)             Requested size: 379.41658pt x 474.27072pt.
[12

 <./figures/calibration_plot_manuscript_sc1.png>] [13 <./figures/calibration_plot_manuscript_sc2.png>] [14 <./figures/calibration_plot_manuscript_sc3.png>] [15 <./figures/calibration_plot_manuscript_sc4.png>] [16 <./figures/calibration_plot_manuscript_sc5.png>] [17 <./figures/calibration_plot_manuscript_sc6.png>] [18 <./figures/calibration_plot_manuscript_sc7.png>] [19 <./figures/calibration_plot_manuscript_sc8.png>] [20 <./figures/calibration_plot_manuscript_sc9.png>] [21 <./figures/calibration_plot_manuscript_sc10.png>] [22 <./figures/calibration_plot_manuscript_sc11.png>] [23 <./figures/calibration_plot_manuscript_sc12.png>] [24 <./figures/calibration_plot_manuscript_sc13.png>] [25 <./figures/calibration_plot_manuscript_sc14.png>] [26 <./figures/calibration_plot_manuscript_sc15.png>] [27 <./figures/calibration_plot_manuscript_sc16.png>] [28 <./figures/calibration_plot_manuscript_sc17.png>]
<./figures/calibration_plot_manuscript_sc18.png, id=208, 867.24pt x 1084.05pt>
File: ./figures/calibration_plot_manuscript_sc18.png Graphic file (type png)
<use ./figures/calibration_plot_manuscript_sc18.png>
Package pdftex.def Info: ./figures/calibration_plot_manuscript_sc18.png  used on input line 1088.
(pdftex.def)             Requested size: 379.41658pt x 474.27072pt.
[29

 <./figures/calibration_plot_manuscript_sc18.png>]
Underfull \hbox (badness 10000) in paragraph at lines 1100--1100

 []


Underfull \hbox (badness 10000) in paragraph at lines 1102--1103

 []

<./figures/calibration_plot_manuscript_sc1_recalibrated.png, id=215, 867.24pt x 1084.05pt>
File: ./figures/calibration_plot_manuscript_sc1_recalibrated.png Graphic file (type png)
<use ./figures/calibration_plot_manuscript_sc1_recalibrated.png>
Package pdftex.def Info: ./figures/calibration_plot_manuscript_sc1_recalibrated.png  used on input line 1106.
(pdftex.def)             Requested size: 379.41658pt x 474.27072pt.
<./figures/calibration_plot_manuscript_sc2_recalibrated.png, id=216, 867.24pt x 1084.05pt>
File: ./figures/calibration_plot_manuscript_sc2_recalibrated.png Graphic file (type png)
<use ./figures/calibration_plot_manuscript_sc2_recalibrated.png>
Package pdftex.def Info: ./figures/calibration_plot_manuscript_sc2_recalibrated.png  used on input line 1115.
(pdftex.def)             Requested size: 379.41658pt x 474.27072pt.
<./figures/calibration_plot_manuscript_sc3_recalibrated.png, id=217, 867.24pt x 1084.05pt>
File: ./figures/calibration_plot_manuscript_sc3_recalibrated.png Graphic file (type png)
<use ./figures/calibration_plot_manuscript_sc3_recalibrated.png>
Package pdftex.def Info: ./figures/calibration_plot_manuscript_sc3_recalibrated.png  used on input line 1124.
(pdftex.def)             Requested size: 379.41658pt x 474.27072pt.
<./figures/calibration_plot_manuscript_sc4_recalibrated.png, id=218, 867.24pt x 1084.05pt>
File: ./figures/calibration_plot_manuscript_sc4_recalibrated.png Graphic file (type png)
<use ./figures/calibration_plot_manuscript_sc4_recalibrated.png>
Package pdftex.def Info: ./figures/calibration_plot_manuscript_sc4_recalibrated.png  used on input line 1133.
(pdftex.def)             Requested size: 379.41658pt x 474.27072pt.
<./figures/calibration_plot_manuscript_sc5_recalibrated.png, id=219, 867.24pt x 1084.05pt>
File: ./figures/calibration_plot_manuscript_sc5_recalibrated.png Graphic file (type png)
<use ./figures/calibration_plot_manuscript_sc5_recalibrated.png>
Package pdftex.def Info: ./figures/calibration_plot_manuscript_sc5_recalibrated.png  used on input line 1142.
(pdftex.def)             Requested size: 379.41658pt x 474.27072pt.
<./figures/calibration_plot_manuscript_sc6_recalibrated.png, id=220, 867.24pt x 1084.05pt>
File: ./figures/calibration_plot_manuscript_sc6_recalibrated.png Graphic file (type png)
<use ./figures/calibration_plot_manuscript_sc6_recalibrated.png>
Package pdftex.def Info: ./figures/calibration_plot_manuscript_sc6_recalibrated.png  used on input line 1151.
(pdftex.def)             Requested size: 379.41658pt x 474.27072pt.
<./figures/calibration_plot_manuscript_sc7_recalibrated.png, id=221, 867.24pt x 1084.05pt>
File: ./figures/calibration_plot_manuscript_sc7_recalibrated.png Graphic file (type png)
<use ./figures/calibration_plot_manuscript_sc7_recalibrated.png>
Package pdftex.def Info: ./figures/calibration_plot_manuscript_sc7_recalibrated.png  used on input line 1160.
(pdftex.def)             Requested size: 379.41658pt x 474.27072pt.
<./figures/calibration_plot_manuscript_sc8_recalibrated.png, id=222, 867.24pt x 1084.05pt>
File: ./figures/calibration_plot_manuscript_sc8_recalibrated.png Graphic file (type png)
<use ./figures/calibration_plot_manuscript_sc8_recalibrated.png>
Package pdftex.def Info: ./figures/calibration_plot_manuscript_sc8_recalibrated.png  used on input line 1169.
(pdftex.def)             Requested size: 379.41658pt x 474.27072pt.
<./figures/calibration_plot_manuscript_sc9_recalibrated.png, id=223, 867.24pt x 1084.05pt>
File: ./figures/calibration_plot_manuscript_sc9_recalibrated.png Graphic file (type png)
<use ./figures/calibration_plot_manuscript_sc9_recalibrated.png>
Package pdftex.def Info: ./figures/calibration_plot_manuscript_sc9_recalibrated.png  used on input line 1178.
(pdftex.def)             Requested size: 379.41658pt x 474.27072pt.
<./figures/calibration_plot_manuscript_sc10_recalibrated.png, id=224, 867.24pt x 1084.05pt>
File: ./figures/calibration_plot_manuscript_sc10_recalibrated.png Graphic file (type png)
<use ./figures/calibration_plot_manuscript_sc10_recalibrated.png>
Package pdftex.def Info: ./figures/calibration_plot_manuscript_sc10_recalibrated.png  used on input line 1187.
(pdftex.def)             Requested size: 379.41658pt x 474.27072pt.
<./figures/calibration_plot_manuscript_sc11_recalibrated.png, id=225, 867.24pt x 1084.05pt>
File: ./figures/calibration_plot_manuscript_sc11_recalibrated.png Graphic file (type png)
<use ./figures/calibration_plot_manuscript_sc11_recalibrated.png>
Package pdftex.def Info: ./figures/calibration_plot_manuscript_sc11_recalibrated.png  used on input line 1196.
(pdftex.def)             Requested size: 379.41658pt x 474.27072pt.
<./figures/calibration_plot_manuscript_sc12_recalibrated.png, id=226, 867.24pt x 1084.05pt>
File: ./figures/calibration_plot_manuscript_sc12_recalibrated.png Graphic file (type png)
<use ./figures/calibration_plot_manuscript_sc12_recalibrated.png>
Package pdftex.def Info: ./figures/calibration_plot_manuscript_sc12_recalibrated.png  used on input line 1205.
(pdftex.def)             Requested size: 379.41658pt x 474.27072pt.
<./figures/calibration_plot_manuscript_sc13_recalibrated.png, id=227, 867.24pt x 1084.05pt>
File: ./figures/calibration_plot_manuscript_sc13_recalibrated.png Graphic file (type png)
<use ./figures/calibration_plot_manuscript_sc13_recalibrated.png>
Package pdftex.def Info: ./figures/calibration_plot_manuscript_sc13_recalibrated.png  used on input line 1214.
(pdftex.def)             Requested size: 379.41658pt x 474.27072pt.
<./figures/calibration_plot_manuscript_sc14_recalibrated.png, id=228, 867.24pt x 1084.05pt>
File: ./figures/calibration_plot_manuscript_sc14_recalibrated.png Graphic file (type png)
<use ./figures/calibration_plot_manuscript_sc14_recalibrated.png>
Package pdftex.def Info: ./figures/calibration_plot_manuscript_sc14_recalibrated.png  used on input line 1223.
(pdftex.def)             Requested size: 379.41658pt x 474.27072pt.
<./figures/calibration_plot_manuscript_sc15_recalibrated.png, id=229, 867.24pt x 1084.05pt>
File: ./figures/calibration_plot_manuscript_sc15_recalibrated.png Graphic file (type png)
<use ./figures/calibration_plot_manuscript_sc15_recalibrated.png>
Package pdftex.def Info: ./figures/calibration_plot_manuscript_sc15_recalibrated.png  used on input line 1232.
(pdftex.def)             Requested size: 379.41658pt x 474.27072pt.
<./figures/calibration_plot_manuscript_sc16_recalibrated.png, id=230, 867.24pt x 1084.05pt>
File: ./figures/calibration_plot_manuscript_sc16_recalibrated.png Graphic file (type png)
<use ./figures/calibration_plot_manuscript_sc16_recalibrated.png>
Package pdftex.def Info: ./figures/calibration_plot_manuscript_sc16_recalibrated.png  used on input line 1241.
(pdftex.def)             Requested size: 379.41658pt x 474.27072pt.
<./figures/calibration_plot_manuscript_sc17_recalibrated.png, id=231, 867.24pt x 1084.05pt>
File: ./figures/calibration_plot_manuscript_sc17_recalibrated.png Graphic file (type png)
<use ./figures/calibration_plot_manuscript_sc17_recalibrated.png>
Package pdftex.def Info: ./figures/calibration_plot_manuscript_sc17_recalibrated.png  used on input line 1250.
(pdftex.def)             Requested size: 379.41658pt x 474.27072pt.
[30 <./figures/calibration_plot_manuscript_sc1_recalibrated.png>] [31 <./figures/calibration_plot_manuscript_sc2_recalibrated.png>] [32 <./figures/calibration_plot_manuscript_sc3_recalibrated.png>] [33 <./figures/calibration_plot_manuscript_sc4_recalibrated.png>] [34 <./figures/calibration_plot_manuscript_sc5_recalibrated.png>] [35 <./figures/calibration_plot_manuscript_sc6_recalibrated.png>] [36 <./figures/calibration_plot_manuscript_sc7_recalibrated.png>] [37 <./figures/calibration_plot_manuscript_sc8_recalibrated.png>] [38 <./figures/calibration_plot_manuscript_sc9_recalibrated.png>] [39 <./figures/calibration_plot_manuscript_sc10_recalibrated.png>] [40 <./figures/calibration_plot_manuscript_sc11_recalibrated.png>] [41 <./figures/calibration_plot_manuscript_sc12_recalibrated.png>] [42 <./figures/calibration_plot_manuscript_sc13_recalibrated.png>] [43 <./figures/calibration_plot_manuscript_sc14_recalibrated.png>] [44 <./figures/calibration_plot_manuscript_sc15_recalibrated.png>] [45 <./figures/calibration_plot_manuscript_sc16_recalibrated.png>] [46 <./figures/calibration_plot_manuscript_sc17_recalibrated.png>]
<./figures/calibration_plot_manuscript_sc18_recalibrated.png, id=339, 867.24pt x 1084.05pt>
File: ./figures/calibration_plot_manuscript_sc18_recalibrated.png Graphic file (type png)
<use ./figures/calibration_plot_manuscript_sc18_recalibrated.png>
Package pdftex.def Info: ./figures/calibration_plot_manuscript_sc18_recalibrated.png  used on input line 1259.
(pdftex.def)             Requested size: 379.41658pt x 474.27072pt.
[47

 <./figures/calibration_plot_manuscript_sc18_recalibrated.png>]
Underfull \hbox (badness 10000) in paragraph at lines 1270--1270

 []


Underfull \hbox (badness 10000) in paragraph at lines 1272--1273

 []

<./figures/performance_metrics_manuscript_sc1.png, id=347, 867.24pt x 1084.05pt>
File: ./figures/performance_metrics_manuscript_sc1.png Graphic file (type png)
<use ./figures/performance_metrics_manuscript_sc1.png>
Package pdftex.def Info: ./figures/performance_metrics_manuscript_sc1.png  used on input line 1276.
(pdftex.def)             Requested size: 379.41658pt x 474.27072pt.
<./figures/performance_metrics_manuscript_sc2.png, id=348, 867.24pt x 1084.05pt>
File: ./figures/performance_metrics_manuscript_sc2.png Graphic file (type png)
<use ./figures/performance_metrics_manuscript_sc2.png>
Package pdftex.def Info: ./figures/performance_metrics_manuscript_sc2.png  used on input line 1285.
(pdftex.def)             Requested size: 379.41658pt x 474.27072pt.
<./figures/performance_metrics_manuscript_sc3.png, id=349, 867.24pt x 1084.05pt>
File: ./figures/performance_metrics_manuscript_sc3.png Graphic file (type png)
<use ./figures/performance_metrics_manuscript_sc3.png>
Package pdftex.def Info: ./figures/performance_metrics_manuscript_sc3.png  used on input line 1294.
(pdftex.def)             Requested size: 379.41658pt x 474.27072pt.
<./figures/performance_metrics_manuscript_sc4.png, id=350, 867.24pt x 1084.05pt>
File: ./figures/performance_metrics_manuscript_sc4.png Graphic file (type png)
<use ./figures/performance_metrics_manuscript_sc4.png>
Package pdftex.def Info: ./figures/performance_metrics_manuscript_sc4.png  used on input line 1303.
(pdftex.def)             Requested size: 379.41658pt x 474.27072pt.
<./figures/performance_metrics_manuscript_sc5.png, id=351, 867.24pt x 1084.05pt>
File: ./figures/performance_metrics_manuscript_sc5.png Graphic file (type png)
<use ./figures/performance_metrics_manuscript_sc5.png>
Package pdftex.def Info: ./figures/performance_metrics_manuscript_sc5.png  used on input line 1312.
(pdftex.def)             Requested size: 379.41658pt x 474.27072pt.
<./figures/performance_metrics_manuscript_sc6.png, id=352, 867.24pt x 1084.05pt>
File: ./figures/performance_metrics_manuscript_sc6.png Graphic file (type png)
<use ./figures/performance_metrics_manuscript_sc6.png>
Package pdftex.def Info: ./figures/performance_metrics_manuscript_sc6.png  used on input line 1321.
(pdftex.def)             Requested size: 379.41658pt x 474.27072pt.
<./figures/performance_metrics_manuscript_sc7.png, id=353, 867.24pt x 1084.05pt>
File: ./figures/performance_metrics_manuscript_sc7.png Graphic file (type png)
<use ./figures/performance_metrics_manuscript_sc7.png>
Package pdftex.def Info: ./figures/performance_metrics_manuscript_sc7.png  used on input line 1330.
(pdftex.def)             Requested size: 379.41658pt x 474.27072pt.
<./figures/performance_metrics_manuscript_sc8.png, id=354, 867.24pt x 1084.05pt>
File: ./figures/performance_metrics_manuscript_sc8.png Graphic file (type png)
<use ./figures/performance_metrics_manuscript_sc8.png>
Package pdftex.def Info: ./figures/performance_metrics_manuscript_sc8.png  used on input line 1339.
(pdftex.def)             Requested size: 379.41658pt x 474.27072pt.
<./figures/performance_metrics_manuscript_sc9.png, id=355, 867.24pt x 1084.05pt>
File: ./figures/performance_metrics_manuscript_sc9.png Graphic file (type png)
<use ./figures/performance_metrics_manuscript_sc9.png>
Package pdftex.def Info: ./figures/performance_metrics_manuscript_sc9.png  used on input line 1348.
(pdftex.def)             Requested size: 379.41658pt x 474.27072pt.
<./figures/performance_metrics_manuscript_sc10.png, id=356, 867.24pt x 1084.05pt>
File: ./figures/performance_metrics_manuscript_sc10.png Graphic file (type png)
<use ./figures/performance_metrics_manuscript_sc10.png>
Package pdftex.def Info: ./figures/performance_metrics_manuscript_sc10.png  used on input line 1357.
(pdftex.def)             Requested size: 379.41658pt x 474.27072pt.
<./figures/performance_metrics_manuscript_sc11.png, id=357, 867.24pt x 1084.05pt>
File: ./figures/performance_metrics_manuscript_sc11.png Graphic file (type png)
<use ./figures/performance_metrics_manuscript_sc11.png>
Package pdftex.def Info: ./figures/performance_metrics_manuscript_sc11.png  used on input line 1366.
(pdftex.def)             Requested size: 379.41658pt x 474.27072pt.
<./figures/performance_metrics_manuscript_sc12.png, id=358, 867.24pt x 1084.05pt>
File: ./figures/performance_metrics_manuscript_sc12.png Graphic file (type png)
<use ./figures/performance_metrics_manuscript_sc12.png>
Package pdftex.def Info: ./figures/performance_metrics_manuscript_sc12.png  used on input line 1375.
(pdftex.def)             Requested size: 379.41658pt x 474.27072pt.
<./figures/performance_metrics_manuscript_sc13.png, id=359, 867.24pt x 1084.05pt>
File: ./figures/performance_metrics_manuscript_sc13.png Graphic file (type png)
<use ./figures/performance_metrics_manuscript_sc13.png>
Package pdftex.def Info: ./figures/performance_metrics_manuscript_sc13.png  used on input line 1384.
(pdftex.def)             Requested size: 379.41658pt x 474.27072pt.
<./figures/performance_metrics_manuscript_sc14.png, id=360, 867.24pt x 1084.05pt>
File: ./figures/performance_metrics_manuscript_sc14.png Graphic file (type png)
<use ./figures/performance_metrics_manuscript_sc14.png>
Package pdftex.def Info: ./figures/performance_metrics_manuscript_sc14.png  used on input line 1393.
(pdftex.def)             Requested size: 379.41658pt x 474.27072pt.
<./figures/performance_metrics_manuscript_sc15.png, id=361, 867.24pt x 1084.05pt>
File: ./figures/performance_metrics_manuscript_sc15.png Graphic file (type png)
<use ./figures/performance_metrics_manuscript_sc15.png>
Package pdftex.def Info: ./figures/performance_metrics_manuscript_sc15.png  used on input line 1402.
(pdftex.def)             Requested size: 379.41658pt x 474.27072pt.
<./figures/performance_metrics_manuscript_sc16.png, id=362, 867.24pt x 1084.05pt>
File: ./figures/performance_metrics_manuscript_sc16.png Graphic file (type png)
<use ./figures/performance_metrics_manuscript_sc16.png>
Package pdftex.def Info: ./figures/performance_metrics_manuscript_sc16.png  used on input line 1411.
(pdftex.def)             Requested size: 379.41658pt x 474.27072pt.
<./figures/performance_metrics_manuscript_sc17.png, id=363, 867.24pt x 1084.05pt>
File: ./figures/performance_metrics_manuscript_sc17.png Graphic file (type png)
<use ./figures/performance_metrics_manuscript_sc17.png>
Package pdftex.def Info: ./figures/performance_metrics_manuscript_sc17.png  used on input line 1420.
(pdftex.def)             Requested size: 379.41658pt x 474.27072pt.
[48 <./figures/performance_metrics_manuscript_sc1.png>] [49 <./figures/performance_metrics_manuscript_sc2.png>] [50 <./figures/performance_metrics_manuscript_sc3.png>] [51 <./figures/performance_metrics_manuscript_sc4.png>] [52 <./figures/performance_metrics_manuscript_sc5.png>] [53 <./figures/performance_metrics_manuscript_sc6.png>] [54 <./figures/performance_metrics_manuscript_sc7.png>] [55 <./figures/performance_metrics_manuscript_sc8.png>] [56 <./figures/performance_metrics_manuscript_sc9.png>] [57 <./figures/performance_metrics_manuscript_sc10.png>] [58 <./figures/performance_metrics_manuscript_sc11.png>] [59 <./figures/performance_metrics_manuscript_sc12.png>] [60 <./figures/performance_metrics_manuscript_sc13.png>] [61 <./figures/performance_metrics_manuscript_sc14.png>] [62 <./figures/performance_metrics_manuscript_sc15.png>] [63 <./figures/performance_metrics_manuscript_sc16.png>] [64 <./figures/performance_metrics_manuscript_sc17.png>]
<./figures/performance_metrics_manuscript_sc18.png, id=471, 867.24pt x 1084.05pt>
File: ./figures/performance_metrics_manuscript_sc18.png Graphic file (type png)
<use ./figures/performance_metrics_manuscript_sc18.png>
Package pdftex.def Info: ./figures/performance_metrics_manuscript_sc18.png  used on input line 1429.
(pdftex.def)             Requested size: 379.41658pt x 474.27072pt.
[65

 <./figures/performance_metrics_manuscript_sc18.png>]
Underfull \hbox (badness 10000) in paragraph at lines 1440--1440

 []


Underfull \hbox (badness 10000) in paragraph at lines 1442--1443

 []

<./figures/performance_metrics_manuscript_sc1_recalibrated.png, id=478, 867.24pt x 1084.05pt>
File: ./figures/performance_metrics_manuscript_sc1_recalibrated.png Graphic file (type png)
<use ./figures/performance_metrics_manuscript_sc1_recalibrated.png>
Package pdftex.def Info: ./figures/performance_metrics_manuscript_sc1_recalibrated.png  used on input line 1446.
(pdftex.def)             Requested size: 379.41658pt x 474.27072pt.

LaTeX Warning: `h' float specifier changed to `ht'.

<./figures/performance_metrics_manuscript_sc2_recalibrated.png, id=479, 867.24pt x 1084.05pt>
File: ./figures/performance_metrics_manuscript_sc2_recalibrated.png Graphic file (type png)
<use ./figures/performance_metrics_manuscript_sc2_recalibrated.png>
Package pdftex.def Info: ./figures/performance_metrics_manuscript_sc2_recalibrated.png  used on input line 1455.
(pdftex.def)             Requested size: 379.41658pt x 474.27072pt.
<./figures/performance_metrics_manuscript_sc3_recalibrated.png, id=480, 867.24pt x 1084.05pt>
File: ./figures/performance_metrics_manuscript_sc3_recalibrated.png Graphic file (type png)
<use ./figures/performance_metrics_manuscript_sc3_recalibrated.png>
Package pdftex.def Info: ./figures/performance_metrics_manuscript_sc3_recalibrated.png  used on input line 1464.
(pdftex.def)             Requested size: 379.41658pt x 474.27072pt.
<./figures/performance_metrics_manuscript_sc4_recalibrated.png, id=481, 867.24pt x 1084.05pt>
File: ./figures/performance_metrics_manuscript_sc4_recalibrated.png Graphic file (type png)
<use ./figures/performance_metrics_manuscript_sc4_recalibrated.png>
Package pdftex.def Info: ./figures/performance_metrics_manuscript_sc4_recalibrated.png  used on input line 1473.
(pdftex.def)             Requested size: 379.41658pt x 474.27072pt.
<./figures/performance_metrics_manuscript_sc5_recalibrated.png, id=482, 867.24pt x 1084.05pt>
File: ./figures/performance_metrics_manuscript_sc5_recalibrated.png Graphic file (type png)
<use ./figures/performance_metrics_manuscript_sc5_recalibrated.png>
Package pdftex.def Info: ./figures/performance_metrics_manuscript_sc5_recalibrated.png  used on input line 1482.
(pdftex.def)             Requested size: 379.41658pt x 474.27072pt.
<./figures/performance_metrics_manuscript_sc6_recalibrated.png, id=483, 867.24pt x 1084.05pt>
File: ./figures/performance_metrics_manuscript_sc6_recalibrated.png Graphic file (type png)
<use ./figures/performance_metrics_manuscript_sc6_recalibrated.png>
Package pdftex.def Info: ./figures/performance_metrics_manuscript_sc6_recalibrated.png  used on input line 1491.
(pdftex.def)             Requested size: 379.41658pt x 474.27072pt.
<./figures/performance_metrics_manuscript_sc7_recalibrated.png, id=484, 867.24pt x 1084.05pt>
File: ./figures/performance_metrics_manuscript_sc7_recalibrated.png Graphic file (type png)
<use ./figures/performance_metrics_manuscript_sc7_recalibrated.png>
Package pdftex.def Info: ./figures/performance_metrics_manuscript_sc7_recalibrated.png  used on input line 1500.
(pdftex.def)             Requested size: 379.41658pt x 474.27072pt.
<./figures/performance_metrics_manuscript_sc8_recalibrated.png, id=485, 867.24pt x 1084.05pt>
File: ./figures/performance_metrics_manuscript_sc8_recalibrated.png Graphic file (type png)
<use ./figures/performance_metrics_manuscript_sc8_recalibrated.png>
Package pdftex.def Info: ./figures/performance_metrics_manuscript_sc8_recalibrated.png  used on input line 1509.
(pdftex.def)             Requested size: 379.41658pt x 474.27072pt.
<./figures/performance_metrics_manuscript_sc9_recalibrated.png, id=486, 867.24pt x 1084.05pt>
File: ./figures/performance_metrics_manuscript_sc9_recalibrated.png Graphic file (type png)
<use ./figures/performance_metrics_manuscript_sc9_recalibrated.png>
Package pdftex.def Info: ./figures/performance_metrics_manuscript_sc9_recalibrated.png  used on input line 1518.
(pdftex.def)             Requested size: 379.41658pt x 474.27072pt.
<./figures/performance_metrics_manuscript_sc10_recalibrated.png, id=487, 867.24pt x 1084.05pt>
File: ./figures/performance_metrics_manuscript_sc10_recalibrated.png Graphic file (type png)
<use ./figures/performance_metrics_manuscript_sc10_recalibrated.png>
Package pdftex.def Info: ./figures/performance_metrics_manuscript_sc10_recalibrated.png  used on input line 1527.
(pdftex.def)             Requested size: 379.41658pt x 474.27072pt.
<./figures/performance_metrics_manuscript_sc11_recalibrated.png, id=488, 867.24pt x 1084.05pt>
File: ./figures/performance_metrics_manuscript_sc11_recalibrated.png Graphic file (type png)
<use ./figures/performance_metrics_manuscript_sc11_recalibrated.png>
Package pdftex.def Info: ./figures/performance_metrics_manuscript_sc11_recalibrated.png  used on input line 1536.
(pdftex.def)             Requested size: 379.41658pt x 474.27072pt.
<./figures/performance_metrics_manuscript_sc12_recalibrated.png, id=489, 867.24pt x 1084.05pt>
File: ./figures/performance_metrics_manuscript_sc12_recalibrated.png Graphic file (type png)
<use ./figures/performance_metrics_manuscript_sc12_recalibrated.png>
Package pdftex.def Info: ./figures/performance_metrics_manuscript_sc12_recalibrated.png  used on input line 1545.
(pdftex.def)             Requested size: 379.41658pt x 474.27072pt.
<./figures/performance_metrics_manuscript_sc13_recalibrated.png, id=490, 867.24pt x 1084.05pt>
File: ./figures/performance_metrics_manuscript_sc13_recalibrated.png Graphic file (type png)
<use ./figures/performance_metrics_manuscript_sc13_recalibrated.png>
Package pdftex.def Info: ./figures/performance_metrics_manuscript_sc13_recalibrated.png  used on input line 1554.
(pdftex.def)             Requested size: 379.41658pt x 474.27072pt.
<./figures/performance_metrics_manuscript_sc14_recalibrated.png, id=491, 867.24pt x 1084.05pt>
File: ./figures/performance_metrics_manuscript_sc14_recalibrated.png Graphic file (type png)
<use ./figures/performance_metrics_manuscript_sc14_recalibrated.png>
Package pdftex.def Info: ./figures/performance_metrics_manuscript_sc14_recalibrated.png  used on input line 1563.
(pdftex.def)             Requested size: 379.41658pt x 474.27072pt.
<./figures/performance_metrics_manuscript_sc15_recalibrated.png, id=492, 867.24pt x 1084.05pt>
File: ./figures/performance_metrics_manuscript_sc15_recalibrated.png Graphic file (type png)
<use ./figures/performance_metrics_manuscript_sc15_recalibrated.png>
Package pdftex.def Info: ./figures/performance_metrics_manuscript_sc15_recalibrated.png  used on input line 1572.
(pdftex.def)             Requested size: 379.41658pt x 474.27072pt.
<./figures/performance_metrics_manuscript_sc16_recalibrated.png, id=493, 867.24pt x 1084.05pt>
File: ./figures/performance_metrics_manuscript_sc16_recalibrated.png Graphic file (type png)
<use ./figures/performance_metrics_manuscript_sc16_recalibrated.png>
Package pdftex.def Info: ./figures/performance_metrics_manuscript_sc16_recalibrated.png  used on input line 1581.
(pdftex.def)             Requested size: 379.41658pt x 474.27072pt.
<./figures/performance_metrics_manuscript_sc17_recalibrated.png, id=494, 867.24pt x 1084.05pt>
File: ./figures/performance_metrics_manuscript_sc17_recalibrated.png Graphic file (type png)
<use ./figures/performance_metrics_manuscript_sc17_recalibrated.png>
Package pdftex.def Info: ./figures/performance_metrics_manuscript_sc17_recalibrated.png  used on input line 1590.
(pdftex.def)             Requested size: 379.41658pt x 474.27072pt.
[66] [67 <