This is pdfTeX, Version 3.141592653-2.6-1.40.24 (TeX Live 2022) (preloaded format=pdflatex 2023.2.5)  23 MAR 2023 15:14
entering extended mode
 restricted \write18 enabled.
 %&-line parsing enabled.
**Alex-s-Master-s-Thesis.tex
(./Alex-s-Master-s-Thesis.tex
LaTeX2e <2022-11-01> patch level 1
L3 programming layer <2023-02-02> (./WileyNJD-v2.cls
Document Class: WileyNJD-v2 2017/06/23 v0.2 Standard LaTeX document class for Journal
\job@temptoken=\toks16
(/Users/alexcarriero/Library/TinyTeX/texmf-dist/tex/latex/base/article.cls
Document Class: article 2022/07/02 v1.4n Standard LaTeX document class
(/Users/alexcarriero/Library/TinyTeX/texmf-dist/tex/latex/base/fleqn.clo
File: fleqn.clo 2016/12/29 v1.2b Standard LaTeX option (flush left equations)
\mathindent=\skip48
Applying: [2015/01/01] Make \[ robust on input line 50.
LaTeX Info: Redefining \[ on input line 51.
Already applied: [0000/00/00] Make \[ robust on input line 62.
Applying: [2015/01/01] Make \] robust on input line 74.
LaTeX Info: Redefining \] on input line 75.
Already applied: [0000/00/00] Make \] robust on input line 83.
) (/Users/alexcarriero/Library/TinyTeX/texmf-dist/tex/latex/base/size10.clo
File: size10.clo 2022/07/02 v1.4n Standard LaTeX file (size option)
)
\c@part=\count185
\c@section=\count186
\c@subsection=\count187
\c@subsubsection=\count188
\c@paragraph=\count189
\c@subparagraph=\count190
\c@figure=\count191
\c@table=\count192
\abovecaptionskip=\skip49
\belowcaptionskip=\skip50
\bibindent=\dimen140
) (/Users/alexcarriero/Library/TinyTeX/texmf-dist/tex/latex/etex-pkg/etex.sty
Package: etex 2016/08/01 v2.7 eTeX basic definition package (PEB,DPC)
\et@xins=\count193
) (/Users/alexcarriero/Library/TinyTeX/texmf-dist/tex/latex/graphics/graphicx.sty
Package: graphicx 2021/09/16 v1.2d Enhanced LaTeX Graphics (DPC,SPQR)
(/Users/alexcarriero/Library/TinyTeX/texmf-dist/tex/latex/graphics/keyval.sty
Package: keyval 2022/05/29 v1.15 key=value parser (DPC)
\KV@toks@=\toks17
) (/Users/alexcarriero/Library/TinyTeX/texmf-dist/tex/latex/graphics/graphics.sty
Package: graphics 2022/03/10 v1.4e Standard LaTeX Graphics (DPC,SPQR)
(/Users/alexcarriero/Library/TinyTeX/texmf-dist/tex/latex/graphics/trig.sty
Package: trig 2021/08/11 v1.11 sin cos tan (DPC)
) (/Users/alexcarriero/Library/TinyTeX/texmf-dist/tex/latex/graphics-cfg/graphics.cfg
File: graphics.cfg 2016/06/04 v1.11 sample graphics configuration
)
Package graphics Info: Driver file: pdftex.def on input line 107.
(/Users/alexcarriero/Library/TinyTeX/texmf-dist/tex/latex/graphics-def/pdftex.def
File: pdftex.def 2022/09/22 v1.2b Graphics/color driver for pdftex
))
\Gin@req@height=\dimen141
\Gin@req@width=\dimen142
) (/Users/alexcarriero/Library/TinyTeX/texmf-dist/tex/latex/tools/multicol.sty
Package: multicol 2021/11/30 v1.9d multicolumn formatting (FMi)
Normal \count register pool exhausted, switching to extended pool.
\c@tracingmulticols=\count277
\mult@box=\box51
\multicol@leftmargin=\dimen143
\c@unbalance=\count278
\c@collectmore=\count279
\doublecol@number=\count280
\multicoltolerance=\count281
\multicolpretolerance=\count282
\full@width=\dimen144
\page@free=\dimen145
\premulticols=\dimen146
\postmulticols=\dimen147
\multicolsep=\skip51
\multicolbaselineskip=\skip52
\partial@page=\box52
\last@line=\box53
\maxbalancingoverflow=\dimen148
\mult@rightbox=\box54
\mult@grightbox=\box55
\mult@firstbox=\box56
\mult@gfirstbox=\box57
\@tempa=\box58
\@tempa=\box59
\@tempa=\box60
\@tempa=\box61
\@tempa=\box62
\@tempa=\box63
\@tempa=\box64
\@tempa=\box65
\@tempa=\box66
\@tempa=\box67
\@tempa=\box68
\@tempa=\box69
\@tempa=\box70
\@tempa=\box71
\@tempa=\box72
\@tempa=\box73
\@tempa=\box74
\@tempa=\box75
\@tempa=\box76
\@tempa=\box77
\@tempa=\box78
\@tempa=\box79
\@tempa=\box80
\@tempa=\box81
\@tempa=\box82
\@tempa=\box83
\@tempa=\box84
\@tempa=\box85
\@tempa=\box86
\@tempa=\box87
\@tempa=\box88
\@tempa=\box89
\@tempa=\box90
\@tempa=\box91
\@tempa=\box92
\@tempa=\box93
\c@minrows=\count283
\c@columnbadness=\count284
\c@finalcolumnbadness=\count285
\last@try=\dimen149
\multicolovershoot=\dimen150
\multicolundershoot=\dimen151
\mult@nat@firstbox=\box94
\colbreak@box=\box95
\mc@col@check@num=\count286
) (/Users/alexcarriero/Library/TinyTeX/texmf-dist/tex/latex/multirow/multirow.sty
Package: multirow 2021/03/15 v2.8 Span multiple rows of a table
\multirow@colwidth=\skip53
\multirow@cntb=\count287
\multirow@dima=\skip54
\bigstrutjot=\dimen152
) (/Users/alexcarriero/Library/TinyTeX/texmf-dist/tex/latex/sttools/cuted.sty
Package: cuted 2021/10/04 v2.0 Mixing onecolumn and twocolumn modes
\At@ViperColsBreak=\toks18
\preCutedStrip=\toks19
\postCutedStrip=\toks20
\cuted@@tempbox@a=\box96
\cuted@@tempbox@c=\box97
\cuted@@tempbox@var=\box98
\hold@viper=\box99
\@viper=\box100
\cuted@@varbox@a=\box101
\cuted@@varbox@c=\box102
\cuted@@tempdim@spread=\dimen153
\cuted@@tempdim@a=\dimen154
\cuted@@tempdim@b=\dimen155
\ht@hold@viper=\dimen156
\ht@viper=\dimen157
\var@@pagediscards@ht=\dimen158
\stripsep=\skip55
\viper@penalty=\count288
) (/Users/alexcarriero/Library/TinyTeX/texmf-dist/tex/generic/iftex/ifpdf.sty
Package: ifpdf 2019/10/25 v3.4 ifpdf legacy package. Use iftex instead.
(/Users/alexcarriero/Library/TinyTeX/texmf-dist/tex/generic/iftex/iftex.sty
Package: iftex 2022/02/03 v1.0f TeX engine tests
)) (/Users/alexcarriero/Library/TinyTeX/texmf-dist/tex/latex/url/url.sty
\Urlmuskip=\muskip16
Package: url 2013/09/16  ver 3.4  Verb mode for urls, etc.
) (/Users/alexcarriero/Library/TinyTeX/texmf-dist/tex/latex/changepage/changepage.sty
Package: changepage 2009/10/20 v1.0c check page and change page layout
\c@cp@cntr=\count289
\cp@tempcnt=\count290
) (/Users/alexcarriero/Library/TinyTeX/texmf-dist/tex/latex/tools/calc.sty
Package: calc 2017/05/25 v4.3 Infix arithmetic (KKT,FJ)
\calc@Acount=\count291
\calc@Bcount=\count292
\calc@Adimen=\dimen159
\calc@Bdimen=\dimen160
\calc@Askip=\skip56
\calc@Bskip=\skip57
LaTeX Info: Redefining \setlength on input line 80.
LaTeX Info: Redefining \addtolength on input line 81.
\calc@Ccount=\count293
\calc@Cskip=\skip58
) (/Users/alexcarriero/Library/TinyTeX/texmf-dist/tex/latex/xcolor/xcolor.sty
Package: xcolor 2022/06/12 v2.14 LaTeX color extensions (UK)
(/Users/alexcarriero/Library/TinyTeX/texmf-dist/tex/latex/graphics-cfg/color.cfg
File: color.cfg 2016/01/02 v1.6 sample color configuration
)
Package xcolor Info: Driver file: pdftex.def on input line 227.
(/Users/alexcarriero/Library/TinyTeX/texmf-dist/tex/latex/graphics/mathcolor.ltx)
Package xcolor Info: Model `cmy' substituted by `cmy0' on input line 1353.
Package xcolor Info: Model `hsb' substituted by `rgb' on input line 1357.
Package xcolor Info: Model `RGB' extended on input line 1369.
Package xcolor Info: Model `HTML' substituted by `rgb' on input line 1371.
Package xcolor Info: Model `Hsb' substituted by `hsb' on input line 1372.
Package xcolor Info: Model `tHsb' substituted by `hsb' on input line 1373.
Package xcolor Info: Model `HSB' substituted by `hsb' on input line 1374.
Package xcolor Info: Model `Gray' substituted by `gray' on input line 1375.
Package xcolor Info: Model `wave' substituted by `hsb' on input line 1376.
) (/Users/alexcarriero/Library/TinyTeX/texmf-dist/tex/latex/float/float.sty
Package: float 2001/11/08 v1.3d Float enhancements (AL)
\c@float@type=\count294
\float@exts=\toks21
\float@box=\box103
\@float@everytoks=\toks22
\@floatcapt=\box104
) (/Users/alexcarriero/Library/TinyTeX/texmf-dist/tex/latex/sttools/floatpag.sty
Package: floatpag 2021/10/04 v2.0 Different pagestyles on float pages
) (/Users/alexcarriero/Library/TinyTeX/texmf-dist/tex/latex/dblfloatfix/dblfloatfix.sty
Package: dblfloatfix 2012/12/31 v1.0a (JAW)
(/Users/alexcarriero/Library/TinyTeX/texmf-dist/tex/latex/base/fixltx2e.sty
Package: fixltx2e 2016/12/29 v2.1a fixes to LaTeX (obsolete)
Applying: [2015/01/01] Old fixltx2e package on input line 46.

Package fixltx2e Warning: fixltx2e is not required with releases after 2015
(fixltx2e)                All fixes are now in the LaTeX kernel.
(fixltx2e)                See the latexrelease package for details.

Already applied: [0000/00/00] Old fixltx2e package on input line 53.
)
\@dblbotnum=\count295
\c@dblbotnumber=\count296
) (/Users/alexcarriero/Library/TinyTeX/texmf-dist/tex/latex/graphics/rotating.sty
Package: rotating 2016/08/11 v2.16d rotated objects in LaTeX
(/Users/alexcarriero/Library/TinyTeX/texmf-dist/tex/latex/base/ifthen.sty
Package: ifthen 2022/04/13 v1.1d Standard LaTeX ifthen package (DPC)
)
\c@r@tfl@t=\count297
\rotFPtop=\skip59
\rotFPbot=\skip60
\rot@float@box=\box105
\rot@mess@toks=\toks23
) (/Users/alexcarriero/Library/TinyTeX/texmf-dist/tex/generic/ulem/ulem.sty
\UL@box=\box106
\UL@hyphenbox=\box107
\UL@skip=\skip61
\UL@hook=\toks24
\UL@height=\dimen161
\UL@pe=\count298
\UL@pixel=\dimen162
\ULC@box=\box108
Package: ulem 2019/11/18
\ULdepth=\dimen163
) (/Users/alexcarriero/Library/TinyTeX/texmf-dist/tex/latex/tools/enumerate.sty
Package: enumerate 2015/07/23 v3.00 enumerate extensions (DPC)
\@enLab=\toks25
) (/Users/alexcarriero/Library/TinyTeX/texmf-dist/tex/generic/soul/soul.sty
Package: soul 2003/11/17 v2.4 letterspacing/underlining (mf)
\SOUL@word=\toks26
\SOUL@lasttoken=\toks27
\SOUL@cmds=\toks28
\SOUL@buffer=\toks29
\SOUL@token=\toks30
\SOUL@spaceskip=\skip62
\SOUL@ttwidth=\dimen164
\SOUL@uldp=\dimen165
\SOUL@ulht=\dimen166
) (/Users/alexcarriero/Library/TinyTeX/texmf-dist/tex/latex/caption/caption.sty
Package: caption 2022/03/01 v3.6b Customizing captions (AR)
(/Users/alexcarriero/Library/TinyTeX/texmf-dist/tex/latex/caption/caption3.sty
Package: caption3 2022/03/17 v2.3b caption3 kernel (AR)
\caption@tempdima=\dimen167
\captionmargin=\dimen168
\caption@leftmargin=\dimen169
\caption@rightmargin=\dimen170
\caption@width=\dimen171
Normal \dimen register pool exhausted, switching to extended pool.
\caption@indent=\dimen256
\caption@parindent=\dimen257
\caption@hangindent=\dimen258
Package caption Info: Standard document class detected.
)
\c@caption@flags=\count299
\c@continuedfloat=\count300
Package caption Info: changepage package is loaded.
\caption@adjustwidth@hsize=\dimen259
\caption@adjustwidth@linewidth=\dimen260
Package caption Info: float package is loaded.
Package caption Info: rotating package is loaded.
) (/Users/alexcarriero/Library/TinyTeX/texmf-dist/tex/latex/hyperref/hyperref.sty
Package: hyperref 2022-11-13 v7.00u Hypertext links for LaTeX
(/Users/alexcarriero/Library/TinyTeX/texmf-dist/tex/generic/ltxcmds/ltxcmds.sty
Package: ltxcmds 2020-05-10 v1.25 LaTeX kernel commands for general use (HO)
) (/Users/alexcarriero/Library/TinyTeX/texmf-dist/tex/generic/pdftexcmds/pdftexcmds.sty
Package: pdftexcmds 2020-06-27 v0.33 Utility functions of pdfTeX for LuaTeX (HO)
(/Users/alexcarriero/Library/TinyTeX/texmf-dist/tex/generic/infwarerr/infwarerr.sty
Package: infwarerr 2019/12/03 v1.5 Providing info/warning/error messages (HO)
)
Package pdftexcmds Info: \pdf@primitive is available.
Package pdftexcmds Info: \pdf@ifprimitive is available.
Package pdftexcmds Info: \pdfdraftmode found.
) (/Users/alexcarriero/Library/TinyTeX/texmf-dist/tex/latex/kvsetkeys/kvsetkeys.sty
Package: kvsetkeys 2022-10-05 v1.19 Key value parser (HO)
) (/Users/alexcarriero/Library/TinyTeX/texmf-dist/tex/generic/kvdefinekeys/kvdefinekeys.sty
Package: kvdefinekeys 2019-12-19 v1.6 Define keys (HO)
) (/Users/alexcarriero/Library/TinyTeX/texmf-dist/tex/generic/pdfescape/pdfescape.sty
Package: pdfescape 2019/12/09 v1.15 Implements pdfTeX's escape features (HO)
) (/Users/alexcarriero/Library/TinyTeX/texmf-dist/tex/latex/hycolor/hycolor.sty
Package: hycolor 2020-01-27 v1.10 Color options for hyperref/bookmark (HO)
) (/Users/alexcarriero/Library/TinyTeX/texmf-dist/tex/latex/letltxmacro/letltxmacro.sty
Package: letltxmacro 2019/12/03 v1.6 Let assignment for LaTeX macros (HO)
) (/Users/alexcarriero/Library/TinyTeX/texmf-dist/tex/latex/auxhook/auxhook.sty
Package: auxhook 2019-12-17 v1.6 Hooks for auxiliary files (HO)
) (/Users/alexcarriero/Library/TinyTeX/texmf-dist/tex/latex/hyperref/nameref.sty
Package: nameref 2022-05-17 v2.50 Cross-referencing by name of section
(/Users/alexcarriero/Library/TinyTeX/texmf-dist/tex/latex/refcount/refcount.sty
Package: refcount 2019/12/15 v3.6 Data extraction from label references (HO)
) (/Users/alexcarriero/Library/TinyTeX/texmf-dist/tex/generic/gettitlestring/gettitlestring.sty
Package: gettitlestring 2019/12/15 v1.6 Cleanup title references (HO)
(/Users/alexcarriero/Library/TinyTeX/texmf-dist/tex/latex/kvoptions/kvoptions.sty
Package: kvoptions 2022-06-15 v3.15 Key value format for package options (HO)
))
\c@section@level=\count301
)
\@linkdim=\dimen261
\Hy@linkcounter=\count302
\Hy@pagecounter=\count303
(/Users/alexcarriero/Library/TinyTeX/texmf-dist/tex/latex/hyperref/pd1enc.def
File: pd1enc.def 2022-11-13 v7.00u Hyperref: PDFDocEncoding definition (HO)
Now handling font encoding PD1 ...
... no UTF-8 mapping file for font encoding PD1
) (/Users/alexcarriero/Library/TinyTeX/texmf-dist/tex/generic/intcalc/intcalc.sty
Package: intcalc 2019/12/15 v1.3 Expandable calculations with integers (HO)
) (/Users/alexcarriero/Library/TinyTeX/texmf-dist/tex/generic/etexcmds/etexcmds.sty
Package: etexcmds 2019/12/15 v1.7 Avoid name clashes with e-TeX commands (HO)
)
\Hy@SavedSpaceFactor=\count304
(/Users/alexcarriero/Library/TinyTeX/texmf-dist/tex/latex/hyperref/puenc.def
File: puenc.def 2022-11-13 v7.00u Hyperref: PDF Unicode definition (HO)
Now handling font encoding PU ...
... no UTF-8 mapping file for font encoding PU
)
Package hyperref Info: Hyper figures OFF on input line 4162.
Package hyperref Info: Link nesting OFF on input line 4167.
Package hyperref Info: Hyper index ON on input line 4170.
Package hyperref Info: Plain pages OFF on input line 4177.
Package hyperref Info: Backreferencing OFF on input line 4182.
Package hyperref Info: Implicit mode ON; LaTeX internals redefined.
Package hyperref Info: Bookmarks ON on input line 4410.
\c@Hy@tempcnt=\count305
LaTeX Info: Redefining \url on input line 4748.
\XeTeXLinkMargin=\dimen262
(/Users/alexcarriero/Library/TinyTeX/texmf-dist/tex/generic/bitset/bitset.sty
Package: bitset 2019/12/09 v1.3 Handle bit-vector datatype (HO)
(/Users/alexcarriero/Library/TinyTeX/texmf-dist/tex/generic/bigintcalc/bigintcalc.sty
Package: bigintcalc 2019/12/15 v1.5 Expandable calculations on big integers (HO)
))
\Fld@menulength=\count306
\Field@Width=\dimen263
\Fld@charsize=\dimen264
Package hyperref Info: Hyper figures OFF on input line 6027.
Package hyperref Info: Link nesting OFF on input line 6032.
Package hyperref Info: Hyper index ON on input line 6035.
Package hyperref Info: backreferencing OFF on input line 6042.
Package hyperref Info: Link coloring OFF on input line 6047.
Package hyperref Info: Link coloring with OCG OFF on input line 6052.
Package hyperref Info: PDF/A mode OFF on input line 6057.
(/Users/alexcarriero/Library/TinyTeX/texmf-dist/tex/latex/base/atbegshi-ltx.sty
Package: atbegshi-ltx 2021/01/10 v1.0c Emulation of the original atbegshi
package with kernel methods
)
\Hy@abspage=\count307
\c@Item=\count308
\c@Hfootnote=\count309
)
Package hyperref Info: Driver (autodetected): hpdftex.
(/Users/alexcarriero/Library/TinyTeX/texmf-dist/tex/latex/hyperref/hpdftex.def
File: hpdftex.def 2022-11-13 v7.00u Hyperref driver for pdfTeX
(/Users/alexcarriero/Library/TinyTeX/texmf-dist/tex/latex/base/atveryend-ltx.sty
Package: atveryend-ltx 2020/08/19 v1.0a Emulation of the original atveryend package
with kernel methods
)
\Fld@listcount=\count310
\c@bookmark@seq@number=\count311
(/Users/alexcarriero/Library/TinyTeX/texmf-dist/tex/latex/rerunfilecheck/rerunfilecheck.sty
Package: rerunfilecheck 2022-07-10 v1.10 Rerun checks for auxiliary files (HO)
(/Users/alexcarriero/Library/TinyTeX/texmf-dist/tex/generic/uniquecounter/uniquecounter.sty
Package: uniquecounter 2019/12/15 v1.4 Provide unlimited unique counter (HO)
)
Package uniquecounter Info: New unique counter `rerunfilecheck' on input line 285.
)
\Hy@SectionHShift=\skip63
)
Package hyperref Info: Option `bookmarksopen' set `true' on input line 278.
(/Users/alexcarriero/Library/TinyTeX/texmf-dist/tex/latex/bookmark/bookmark.sty
Package: bookmark 2020-11-06 v1.29 PDF bookmarks (HO)
(/Users/alexcarriero/Library/TinyTeX/texmf-dist/tex/latex/bookmark/bkm-pdftex.def
File: bkm-pdftex.def 2020-11-06 v1.29 bookmark driver for pdfTeX (HO)
\BKM@id=\count312
)) (/Users/alexcarriero/Library/TinyTeX/texmf-dist/tex/latex/subfig/subfig.sty
Package: subfig 2005/06/28 ver: 1.3 subfig package
\c@KVtest=\count313
\sf@farskip=\skip64
\sf@captopadj=\dimen265
\sf@capskip=\skip65
\sf@nearskip=\skip66
\c@subfigure=\count314
\c@subfigure@save=\count315
\c@lofdepth=\count316
\c@subtable=\count317
\c@subtable@save=\count318
\c@lotdepth=\count319
\sf@top=\skip67
\sf@bottom=\skip68
) (/Users/alexcarriero/Library/TinyTeX/texmf-dist/tex/latex/oberdiek/twoopt.sty
Package: twoopt 2016/05/16 v1.6 Definitions with two optional arguments (HO)
) (/Users/alexcarriero/Library/TinyTeX/texmf-dist/tex/latex/footmisc/footmisc.sty
Package: footmisc 2022/03/08 v6.0d a miscellany of footnote facilities
\FN@temptoken=\toks31
\footnotemargin=\dimen266
\@outputbox@depth=\dimen267
Package footmisc Info: Declaring symbol style bringhurst on input line 695.
Package footmisc Info: Declaring symbol style chicago on input line 703.
Package footmisc Info: Declaring symbol style wiley on input line 712.
Package footmisc Info: Declaring symbol style lamport-robust on input line 723.
Package footmisc Info: Declaring symbol style lamport* on input line 743.
Package footmisc Info: Declaring symbol style lamport*-robust on input line 764.
) (/Users/alexcarriero/Library/TinyTeX/texmf-dist/tex/latex/tools/tabularx.sty
Package: tabularx 2020/01/15 v2.11c `tabularx' package (DPC)
(/Users/alexcarriero/Library/TinyTeX/texmf-dist/tex/latex/tools/array.sty
Package: array 2022/09/04 v2.5g Tabular extension package (FMi)
\col@sep=\dimen268
\ar@mcellbox=\box109
\extrarowheight=\dimen269
\NC@list=\toks32
\extratabsurround=\skip69
\backup@length=\skip70
\ar@cellbox=\box110
)
\TX@col@width=\dimen270
\TX@old@table=\dimen271
\TX@old@col=\dimen272
\TX@target=\dimen273
\TX@delta=\dimen274
\TX@cols=\count320
\TX@ftn=\toks33
)
\tfboxrule=\dimen275
\bfboxrule=\dimen276
\BXRuleThickness=\dimen277
\BXleftrightskipdimen=\dimen278
\BXhsize=\dimen279
\FreePageSpace=\dimen280
\ovsize=\dimen281
\adjustskip=\skip71
\BXbox=\box111
\xxptspaceamount=\skip72
\BXboxoutbnewskip=\skip73
\BXdim=\dimen282
\BXgraybox=\box112
(/Users/alexcarriero/Library/TinyTeX/texmf-dist/tex/latex/varwidth/varwidth.sty
Package: varwidth 2009/03/30 ver 0.92;  Variable-width minipages
\@vwid@box=\box113
\sift@deathcycles=\count321
\@vwid@loff=\dimen283
\@vwid@roff=\dimen284
) (/Users/alexcarriero/Library/TinyTeX/texmf-dist/tex/latex/tools/dcolumn.sty
Package: dcolumn 2014/10/28 v1.06 decimal alignment package (DPC)
) (/Users/alexcarriero/Library/TinyTeX/texmf-dist/tex/latex/stix/stix.sty
Package: stix 2018/04/17 v1.1.3-latex STIX fonts support package
Now handling font encoding LS1 ...
... no UTF-8 mapping file for font encoding LS1
Now handling font encoding LS2 ...
... no UTF-8 mapping file for font encoding LS2
LaTeX Font Info:    Redeclaring symbol font `letters' on input line 76.
LaTeX Font Info:    Encoding `OML' has changed to `LS1' for symbol font
(Font)              `letters' in the math version `normal' on input line 76.
LaTeX Font Info:    Overwriting symbol font `letters' in version `normal'
(Font)                  OML/cmm/m/it --> LS1/stix/m/it on input line 76.
LaTeX Font Info:    Encoding `OML' has changed to `LS1' for symbol font
(Font)              `letters' in the math version `bold' on input line 76.
LaTeX Font Info:    Overwriting symbol font `letters' in version `bold'
(Font)                  OML/cmm/b/it --> LS1/stix/m/it on input line 76.
LaTeX Font Info:    Redeclaring symbol font `operators' on input line 77.
LaTeX Font Info:    Encoding `OT1' has changed to `LS1' for symbol font
(Font)              `operators' in the math version `normal' on input line 77.
LaTeX Font Info:    Overwriting symbol font `operators' in version `normal'
(Font)                  OT1/cmr/m/n --> LS1/stix/m/n on input line 77.
LaTeX Font Info:    Encoding `OT1' has changed to `LS1' for symbol font
(Font)              `operators' in the math version `bold' on input line 77.
LaTeX Font Info:    Overwriting symbol font `operators' in version `bold'
(Font)                  OT1/cmr/bx/n --> LS1/stix/m/n on input line 77.
\symbold-operators=\mathgroup4
LaTeX Font Info:    Redeclaring symbol font `symbols' on input line 79.
LaTeX Font Info:    Encoding `OMS' has changed to `LS1' for symbol font
(Font)              `symbols' in the math version `normal' on input line 79.
LaTeX Font Info:    Overwriting symbol font `symbols' in version `normal'
(Font)                  OMS/cmsy/m/n --> LS1/stixscr/m/n on input line 79.
LaTeX Font Info:    Encoding `OMS' has changed to `LS1' for symbol font
(Font)              `symbols' in the math version `bold' on input line 79.
LaTeX Font Info:    Overwriting symbol font `symbols' in version `bold'
(Font)                  OMS/cmsy/b/n --> LS1/stixscr/m/n on input line 79.
\symsymbols2=\mathgroup5
\symsymbols3=\mathgroup6
\symsymbols4=\mathgroup7
\symintegrals=\mathgroup8
LaTeX Font Info:    Redeclaring symbol font `largesymbols' on input line 84.
LaTeX Font Info:    Encoding `OMX' has changed to `LS2' for symbol font
(Font)              `largesymbols' in the math version `normal' on input line 84.
LaTeX Font Info:    Overwriting symbol font `largesymbols' in version `normal'
(Font)                  OMX/cmex/m/n --> LS2/stixex/m/n on input line 84.
LaTeX Font Info:    Encoding `OMX' has changed to `LS2' for symbol font
(Font)              `largesymbols' in the math version `bold' on input line 84.
LaTeX Font Info:    Overwriting symbol font `largesymbols' in version `bold'
(Font)                  OMX/cmex/m/n --> LS2/stixex/m/n on input line 84.
\symarrows1=\mathgroup9
\symarrows2=\mathgroup10
\symarrows3=\mathgroup11
LaTeX Font Info:    Overwriting symbol font `letters' in version `bold'
(Font)                  LS1/stix/m/it --> LS1/stix/b/it on input line 88.
LaTeX Font Info:    Overwriting symbol font `operators' in version `bold'
(Font)                  LS1/stix/m/n --> LS1/stix/b/n on input line 89.
LaTeX Font Info:    Overwriting symbol font `symbols' in version `bold'
(Font)                  LS1/stixscr/m/n --> LS1/stixscr/b/n on input line 90.
LaTeX Font Info:    Overwriting symbol font `symbols2' in version `bold'
(Font)                  LS1/stixfrak/m/n --> LS1/stixfrak/b/n on input line 91.
LaTeX Font Info:    Overwriting symbol font `symbols3' in version `bold'
(Font)                  LS1/stixbb/m/n --> LS1/stixbb/b/n on input line 92.
LaTeX Font Info:    Overwriting symbol font `symbols4' in version `bold'
(Font)                  LS1/stixbb/m/it --> LS1/stixbb/b/it on input line 93.
LaTeX Font Info:    Overwriting symbol font `integrals' in version `bold'
(Font)                  LS2/stixcal/m/n --> LS2/stixcal/b/n on input line 94.
LaTeX Font Info:    Overwriting symbol font `largesymbols' in version `bold'
(Font)                  LS2/stixex/m/n --> LS2/stixex/b/n on input line 95.
LaTeX Font Info:    Overwriting symbol font `arrows1' in version `bold'
(Font)                  LS1/stixsf/m/n --> LS1/stixsf/b/n on input line 96.
LaTeX Font Info:    Overwriting symbol font `arrows2' in version `bold'
(Font)                  LS1/stixsf/m/it --> LS1/stixsf/b/it on input line 97.
LaTeX Font Info:    Overwriting symbol font `arrows3' in version `bold'
(Font)                  LS2/stixtt/m/n --> LS2/stixtt/b/n on input line 98.
LaTeX Font Info:    Redeclaring math alphabet \mathit on input line 99.
LaTeX Font Info:    Redeclaring math alphabet \mathsf on input line 106.
LaTeX Font Info:    Redeclaring math alphabet \mathtt on input line 108.
LaTeX Font Info:    Redeclaring math alphabet \mathbf on input line 109.
LaTeX Font Info:    Redeclaring math symbol \hbar on input line 227.
LaTeX Font Info:    Redeclaring math accent \grave on input line 698.
LaTeX Font Info:    Redeclaring math accent \acute on input line 699.
LaTeX Font Info:    Redeclaring math accent \hat on input line 700.
LaTeX Font Info:    Redeclaring math accent \tilde on input line 701.
LaTeX Font Info:    Redeclaring math accent \bar on input line 702.
LaTeX Font Info:    Redeclaring math accent \breve on input line 703.
LaTeX Font Info:    Redeclaring math accent \dot on input line 704.
LaTeX Font Info:    Redeclaring math accent \ddot on input line 705.
LaTeX Font Info:    Redeclaring math accent \mathring on input line 707.
LaTeX Font Info:    Redeclaring math accent \check on input line 708.
LaTeX Font Info:    Redeclaring math accent \vec on input line 716.
LaTeX Font Info:    Redeclaring math accent \widehat on input line 728.
LaTeX Font Info:    Redeclaring math accent \widetilde on input line 729.
LaTeX Info: Redefining \vdots on input line 1518.
LaTeX Info: Redefining \cdots on input line 1522.
LaTeX Font Info:    Redeclaring math symbol \mathsterling on input line 1978.
LaTeX Info: Redefining \not on input line 2144.
) (/Users/alexcarriero/Library/TinyTeX/texmf-dist/tex/latex/base/fontenc.sty
Package: fontenc 2021/04/29 v2.0v Standard LaTeX package
LaTeX Font Info:    Trying to load font information for T1+stix on input line 112.
(/Users/alexcarriero/Library/TinyTeX/texmf-dist/tex/latex/stix/t1stix.fd
File: t1stix.fd 2015/04/17 v1.1.2-latex STIX T1 font definitions
))
\trimwidth=\skip74
\trimheight=\skip75
\typewidth=\skip76
\typeheight=\skip77
\normaltextheight=\skip78
\blindfoliodrop=\skip79
\figheight=\skip80
\figwidth=\skip81
\tabledim=\skip82
\columnhsizevalue=\dimen285
\abs@coli@hsize=\skip83
\abs@colii@hsize=\skip84
(/Users/alexcarriero/Library/TinyTeX/texmf-dist/tex/latex/geometry/geometry.sty
Package: geometry 2020/01/02 v5.9 Page Geometry
(/Users/alexcarriero/Library/TinyTeX/texmf-dist/tex/generic/iftex/ifvtex.sty
Package: ifvtex 2019/10/25 v1.7 ifvtex legacy package. Use iftex instead.
)
\Gm@cnth=\count322
\Gm@cntv=\count323
\c@Gm@tempcnt=\count324
\Gm@bindingoffset=\dimen286
\Gm@wd@mp=\dimen287
\Gm@odd@mp=\dimen288
\Gm@even@mp=\dimen289
\Gm@layoutwidth=\dimen290
\Gm@layoutheight=\dimen291
\Gm@layouthoffset=\dimen292
\Gm@layoutvoffset=\dimen293
\Gm@dimlist=\toks34
)
\parindentvalue=\dimen294
\pageheight=\dimen295
\rulecount=\count325
\leftcolrulepos=\dimen296
\rightcolrulepos=\dimen297
(/Users/alexcarriero/Library/TinyTeX/texmf-dist/tex/latex/eso-pic/showframe.sty
Package: showframe 2020/10/14 v0.1j showframe (new impl., RN)
(/Users/alexcarriero/Library/TinyTeX/texmf-dist/tex/latex/eso-pic/eso-pic.sty
Package: eso-pic 2020/10/14 v3.0a eso-pic (RN)
\ESO@tempdima=\dimen298
\ESO@tempdimb=\dimen299
)
\SF@tempdima=\dimen300
)
\artopleftskipdim=\dimen301
\@xmlpage=\write3
\c@spagecounter=\count326
\c@lpagecounter=\count327
LaTeX Info: Redefining \rm on input line 1300.
LaTeX Info: Redefining \sf on input line 1301.
LaTeX Info: Redefining \tt on input line 1302.
LaTeX Info: Redefining \bf on input line 1303.
LaTeX Info: Redefining \it on input line 1304.
LaTeX Info: Redefining \sl on input line 1305.
LaTeX Info: Redefining \sc on input line 1306.
LaTeX Info: Redefining \cal on input line 1307.
LaTeX Info: Redefining \mit on input line 1308.
\aucount=\count328
\corrauthcount=\count329
\authfncnt=\count330
\authfnTmpCnt=\count331
\aufootnotemark=\box114
\authmarkbox=\box115
\c@affn=\count332
\addcount=\count333
\emailcount=\count334
\punctcount=\count335
\foot@titlepage@raise@skip=\skip85
\lastauthorcnt=\count336
\fundinginfocount=\count337
\commafundinginfocount=\count338
\fundinginfotempcount=\count339
\tempfundinginfocount=\count340
\JELinfocount=\count341
\commaJELinfocount=\count342
\JELinfotempcount=\count343
\tempJELinfocount=\count344
\htftbox=\box116
\ovsize=\dimen302
\oovsize=\dimen303
\FreePageSpace=\dimen304
\FreePageSpaceTest=\dimen305
\fadjskip=\skip86
\adjustskip=\skip87
\titleskip=\skip88
\abs@boxa=\box117
\abs@boxb=\box118
\abs@boxc=\box119
\abs@dima=\dimen306
\abs@dimb=\dimen307
\abs@dimc=\dimen308
\adjtitleskip=\skip89
\c@chapter=\count345
\secruleskip=\skip90
\rhverticalsep=\skip91
(/Users/alexcarriero/Library/TinyTeX/texmf-dist/tex/latex/natbib/natbib.sty
Package: natbib 2010/09/13 8.31b (PWD, AO)
\bibhang=\skip92
\bibsep=\skip93
LaTeX Info: Redefining \cite on input line 694.
\c@NAT@ctr=\count346
)
\c@scheme=\count347
(/Users/alexcarriero/Library/TinyTeX/texmf-dist/tex/latex/booktabs/booktabs.sty
Package: booktabs 2020/01/12 v1.61803398 Publication quality tables
\heavyrulewidth=\dimen309
\lightrulewidth=\dimen310
\cmidrulewidth=\dimen311
\belowrulesep=\dimen312
\belowbottomsep=\dimen313
\aboverulesep=\dimen314
\abovetopsep=\dimen315
\cmidrulesep=\dimen316
\cmidrulekern=\dimen317
\defaultaddspace=\dimen318
\@cmidla=\count348
\@cmidlb=\count349
\@aboverulesep=\dimen319
\@belowrulesep=\dimen320
\@thisruleclass=\count350
\@lastruleclass=\count351
\@thisrulewidth=\dimen321
) (/Users/alexcarriero/Library/TinyTeX/texmf-dist/tex/latex/amsmath/amsmath.sty
Package: amsmath 2022/04/08 v2.17n AMS math features
\@mathmargin=\skip94
For additional information on amsmath, use the `?' option.
(/Users/alexcarriero/Library/TinyTeX/texmf-dist/tex/latex/amsmath/amstext.sty
Package: amstext 2021/08/26 v2.01 AMS text
(/Users/alexcarriero/Library/TinyTeX/texmf-dist/tex/latex/amsmath/amsgen.sty
File: amsgen.sty 1999/11/30 v2.0 generic functions
\@emptytoks=\toks35
\ex@=\dimen322
)) (/Users/alexcarriero/Library/TinyTeX/texmf-dist/tex/latex/amsmath/amsbsy.sty
Package: amsbsy 1999/11/29 v1.2d Bold Symbols
\pmbraise@=\dimen323
) (/Users/alexcarriero/Library/TinyTeX/texmf-dist/tex/latex/amsmath/amsopn.sty
Package: amsopn 2022/04/08 v2.04 operator names
)
\inf@bad=\count352
LaTeX Info: Redefining \frac on input line 234.
\uproot@=\count353
\leftroot@=\count354
LaTeX Info: Redefining \overline on input line 399.
LaTeX Info: Redefining \colon on input line 410.
\classnum@=\count355
\DOTSCASE@=\count356
LaTeX Info: Redefining \ldots on input line 496.
LaTeX Info: Redefining \dots on input line 499.
\Mathstrutbox@=\box120
\strutbox@=\box121
LaTeX Info: Redefining \big on input line 722.
LaTeX Info: Redefining \Big on input line 723.
LaTeX Info: Redefining \bigg on input line 724.
LaTeX Info: Redefining \Bigg on input line 725.
\big@size=\dimen324
LaTeX Font Info:    Redeclaring font encoding OML on input line 743.
LaTeX Font Info:    Redeclaring font encoding OMS on input line 744.
\macc@depth=\count357
LaTeX Info: Redefining \bmod on input line 905.
LaTeX Info: Redefining \pmod on input line 910.
LaTeX Info: Redefining \smash on input line 940.
\c@MaxMatrixCols=\count358
\dotsspace@=\muskip17
\c@parentequation=\count359
\dspbrk@lvl=\count360
\tag@help=\toks36
\row@=\count361
\column@=\count362
\maxfields@=\count363
\andhelp@=\toks37
\eqnshift@=\dimen325
\alignsep@=\dimen326
\tagshift@=\dimen327
\tagwidth@=\dimen328
\totwidth@=\dimen329
\lineht@=\dimen330
\@envbody=\toks38
\multlinegap=\skip95
\multlinetaggap=\skip96
\mathdisplay@stack=\toks39
LaTeX Info: Redefining \[ on input line 2953.
LaTeX Info: Redefining \] on input line 2954.
) (/Users/alexcarriero/Library/TinyTeX/texmf-dist/tex/latex/amscls/amsthm.sty
Package: amsthm 2020/05/29 v2.20.6
\thm@style=\toks40
\thm@bodyfont=\toks41
\thm@headfont=\toks42
\thm@notefont=\toks43
\thm@headpunct=\toks44
\thm@preskip=\skip97
\thm@postskip=\skip98
\thm@headsep=\skip99
\dth@everypar=\toks45
)
\c@theorem=\count364
\c@construction=\count365
\c@estimate=\count366
\c@lemma=\count367
\c@corollary=\count368
\c@result=\count369
\c@algth=\count370
\c@proposition=\count371
\c@hypothesis=\count372
\c@experiment=\count373
\c@LWrule=\count374
\c@procedure=\count375
\c@assertion=\count376
\c@axiom=\count377
\c@conjecture=\count378
\c@criterion=\count379
\c@reduction=\count380
\c@sublemma=\count381
\c@case=\count382
\c@remark=\count383
\c@notation=\count384
\c@answer=\count385
\c@base=\count386
\c@claim=\count387
\c@ccomment=\count388
\c@subproof=\count389
\c@conclusion=\count390
\c@observation=\count391
\c@subcase=\count392
\c@step=\count393
\c@summary=\count394
\c@definition=\count395
\c@condition=\count396
\c@property=\count397
\c@problem=\count398
\c@fact=\count399
\c@assumption=\count400
\c@eexample=\count401
\c@model=\count402
\c@affirmation=\count403
\c@application=\count404
\c@convention=\count405
\c@discussion=\count406
\c@exercise=\count407
\c@question=\count408
\c@scholium=\count409
\c@terminology=\count410
\c@printcitcnt=\count411
\c@@pps=\count412
\c@@ppsavesec=\count413
\c@@ppsaveapp=\count414
(/Users/alexcarriero/Library/TinyTeX/texmf-dist/tex/latex/algorithms/algorithm.sty
Package: algorithm 2009/08/24 v0.1 Document Style `algorithm' - floating environment
\@float@every@algorithm=\toks46
\c@algorithm=\count415
) (/Users/alexcarriero/Library/TinyTeX/texmf-dist/tex/latex/algorithmicx/algorithmicx.sty
Package: algorithmicx 2005/04/27 v1.2 Algorithmicx
Document Style algorithmicx 1.2 - a greatly improved `algorithmic' style
\c@ALG@line=\count416
\c@ALG@rem=\count417
\c@ALG@nested=\count418
\ALG@tlm=\skip100
\ALG@thistlm=\skip101
\c@ALG@Lnr=\count419
\c@ALG@blocknr=\count420
\c@ALG@storecount=\count421
\c@ALG@tmpcounter=\count422
\ALG@tmplength=\skip102
) (/Users/alexcarriero/Library/TinyTeX/texmf-dist/tex/latex/algorithmicx/algpseudocode.sty
Package: algpseudocode 
Document Style - pseudocode environments for use with the `algorithmicx' style
) (/Users/alexcarriero/Library/TinyTeX/texmf-dist/tex/latex/listings/listings.sty
\lst@mode=\count423
\lst@gtempboxa=\box122
\lst@token=\toks47
\lst@length=\count424
\lst@currlwidth=\dimen331
\lst@column=\count425
\lst@pos=\count426
\lst@lostspace=\dimen332
\lst@width=\dimen333
\lst@newlines=\count427
\lst@lineno=\count428
\lst@maxwidth=\dimen334
(/Users/alexcarriero/Library/TinyTeX/texmf-dist/tex/latex/listings/lstmisc.sty
File: lstmisc.sty 2020/03/24 1.8d (Carsten Heinz)
\c@lstnumber=\count429
\lst@skipnumbers=\count430
\lst@framebox=\box123
) (/Users/alexcarriero/Library/TinyTeX/texmf-dist/tex/latex/listings/listings.cfg
File: listings.cfg 2020/03/24 1.8d listings configuration
))
Package: listings 2020/03/24 1.8d (Carsten Heinz)
(/Users/alexcarriero/Library/TinyTeX/texmf-dist/tex/latex/base/alltt.sty
Package: alltt 2021/01/29 v2.0g defines alltt environment
)
\jnlcitationbox=\box124
\jnlcithsize=\dimen335
(/Users/alexcarriero/Library/TinyTeX/texmf-dist/tex/latex/wrapfig/wrapfig.sty
\wrapoverhang=\dimen336
\WF@size=\dimen337
\c@WF@wrappedlines=\count431
\WF@box=\box125
\WF@everypar=\toks48
Package: wrapfig 2003/01/31  v 3.6
)
\wraplines=\count432
\@authorfigbox=\box126
\@authorfigboxdim=\skip103
\biofigadjskip=\skip104
) (/Users/alexcarriero/Library/TinyTeX/texmf-dist/tex/latex/l3backend/l3backend-pdftex.def
File: l3backend-pdftex.def 2023-01-16 L3 backend support: PDF output (pdfTeX)
\l__color_backend_stack_int=\count433
\l__pdf_internal_box=\box127
)

LaTeX Warning: Unused global option(s):
    [AMA,STIX1COL].

(./Alex-s-Master-s-Thesis.aux)
\openout1 = `Alex-s-Master-s-Thesis.aux'.

LaTeX Font Info:    Checking defaults for OML/cmm/m/it on input line 22.
LaTeX Font Info:    ... okay on input line 22.
LaTeX Font Info:    Checking defaults for OMS/cmsy/m/n on input line 22.
LaTeX Font Info:    ... okay on input line 22.
LaTeX Font Info:    Checking defaults for OT1/cmr/m/n on input line 22.
LaTeX Font Info:    ... okay on input line 22.
LaTeX Font Info:    Checking defaults for T1/cmr/m/n on input line 22.
LaTeX Font Info:    ... okay on input line 22.
LaTeX Font Info:    Checking defaults for TS1/cmr/m/n on input line 22.
LaTeX Font Info:    ... okay on input line 22.
LaTeX Font Info:    Checking defaults for OMX/cmex/m/n on input line 22.
LaTeX Font Info:    ... okay on input line 22.
LaTeX Font Info:    Checking defaults for U/cmr/m/n on input line 22.
LaTeX Font Info:    ... okay on input line 22.
LaTeX Font Info:    Checking defaults for PD1/pdf/m/n on input line 22.
LaTeX Font Info:    ... okay on input line 22.
LaTeX Font Info:    Checking defaults for PU/pdf/m/n on input line 22.
LaTeX Font Info:    ... okay on input line 22.
LaTeX Font Info:    Checking defaults for LS1/stix/m/n on input line 22.
LaTeX Font Info:    Trying to load font information for LS1+stix on input line 22.
(/Users/alexcarriero/Library/TinyTeX/texmf-dist/tex/latex/stix/ls1stix.fd
File: ls1stix.fd 2015/04/17 v1.1.2-latex STIX LS1 font definitions
)
LaTeX Font Info:    ... okay on input line 22.
LaTeX Font Info:    Checking defaults for LS2/stix/m/n on input line 22.
LaTeX Font Info:    Trying to load font information for LS2+stix on input line 22.
(/Users/alexcarriero/Library/TinyTeX/texmf-dist/tex/latex/stix/ls2stix.fd
File: ls2stix.fd 2015/04/17 v1.1.2-latex STIX LS2 font definitions
)
LaTeX Font Info:    ... okay on input line 22.
(/Users/alexcarriero/Library/TinyTeX/texmf-dist/tex/latex/epstopdf-pkg/epstopdf-base.sty
Package: epstopdf-base 2020-01-24 v2.11 Base part for package epstopdf
Package epstopdf-base Info: Redefining graphics rule for `.eps' on input line 485.
(/Users/alexcarriero/Library/TinyTeX/texmf-dist/tex/latex/latexconfig/epstopdf-sys.cfg
File: epstopdf-sys.cfg 2010/07/13 v1.3 Configuration of (r)epstopdf for TeX Live
))
Package caption Info: Begin \AtBeginDocument code.
Package caption Info: subfig package v1.3 is loaded.
Package caption Info: hyperref package is loaded.
Package caption Info: listings package is loaded.
Package caption Info: wrapfig package is loaded.
Package caption Info: End \AtBeginDocument code.
Package hyperref Info: Link coloring OFF on input line 22.
*geometry* driver: auto-detecting
*geometry* detected driver: pdftex
*geometry* verbose mode - [ preamble ] result:
* driver: pdftex
* paper: custom
* layout: <same size as paper>
* layoutoffset:(h,v)=(0.0pt,0.0pt)
* hratio: 1:1
* vratio: 1:1
* modes: twoside 
* h-part:(L,W,R)=(45.0pt, 507.50787pt, 45.0pt)
* v-part:(T,H,B)=(57.5pt, 668.79605pt, 59.0pt)
* \paperwidth=597.50787pt
* \paperheight=785.29605pt
* \textwidth=507.50787pt
* \textheight=668.79605pt
* \oddsidemargin=-27.26999pt
* \evensidemargin=-27.26999pt
* \topmargin=-46.76999pt
* \headheight=21.0pt
* \headsep=11.0pt
* \topskip=6.0pt
* \footskip=48.5pt
* \marginparwidth=0.0pt
* \marginparsep=0.0pt
* \columnsep=0.0pt
* \skip\footins=18.0pt plus 2.0pt minus 2.0pt
* \hoffset=0.0pt
* \voffset=0.0pt
* \mag=1000
* \@twocolumnfalse
* \@twosidetrue
* \@mparswitchtrue
* \@reversemarginfalse
* (1in=72.27pt=25.4mm, 1cm=28.453pt)

LaTeX Info: Command `\dddot' is already robust on input line 22.
LaTeX Info: Command `\ddddot' is already robust on input line 22.
\c@lstlisting=\count434
LaTeX Font Info:    Calculating math sizes for size <18> on input line 72.
LaTeX Font Info:    Trying to load font information for LS1+stixscr on input line 72.
(/Users/alexcarriero/Library/TinyTeX/texmf-dist/tex/latex/stix/ls1stixscr.fd
File: ls1stixscr.fd 2015/04/17 v1.1.2-latex STIX script LS1 font definitions
)
LaTeX Font Info:    Trying to load font information for LS2+stixex on input line 72.
(/Users/alexcarriero/Library/TinyTeX/texmf-dist/tex/latex/stix/ls2stixex.fd
File: ls2stixex.fd 2015/04/17 v1.1.2-latex STIX extentions LS2 font definitions
)
LaTeX Font Info:    Trying to load font information for LS1+stixfrak on input line 72.
(/Users/alexcarriero/Library/TinyTeX/texmf-dist/tex/latex/stix/ls1stixfrak.fd
File: ls1stixfrak.fd 2015/04/17 v1.1.2-latex STIX fraktur LS1 font definitions
)
LaTeX Font Info:    Trying to load font information for LS1+stixbb on input line 72.
(/Users/alexcarriero/Library/TinyTeX/texmf-dist/tex/latex/stix/ls1stixbb.fd
File: ls1stixbb.fd 2015/04/17 v1.1.2-latex STIX blackboard LS1 font definitions
)
LaTeX Font Info:    Trying to load font information for LS2+stixcal on input line 72.
(/Users/alexcarriero/Library/TinyTeX/texmf-dist/tex/latex/stix/ls2stixcal.fd
File: ls2stixcal.fd 2015/04/17 v1.1.2-latex STIX calligraphic LS2 font definitions
)
LaTeX Font Info:    Trying to load font information for LS1+stixsf on input line 72.
(/Users/alexcarriero/Library/TinyTeX/texmf-dist/tex/latex/stix/ls1stixsf.fd
File: ls1stixsf.fd 2015/04/17 v1.1.2-latex STIX sans-serif LS1 font definitions
)
LaTeX Font Info:    Trying to load font information for LS2+stixtt on input line 72.
(/Users/alexcarriero/Library/TinyTeX/texmf-dist/tex/latex/stix/ls2stixtt.fd
File: ls2stixtt.fd 2015/04/17 v1.1.2-latex STIX typewriter LS2 font definitions
)
Overfull \hbox (346.99213pt too wide) in paragraph at lines 72--72
[][] | || []|[][] 
 []

LaTeX Font Info:    Calculating math sizes for size <10.03749> on input line 72.
LaTeX Font Info:    Trying to load font information for T1+cmtt on input line 80.
(/Users/alexcarriero/Library/TinyTeX/texmf-dist/tex/latex/base/t1cmtt.fd
File: t1cmtt.fd 2022/07/10 v2.5l Standard LaTeX font definitions
)
LaTeX Font Info:    Trying to load font information for TS1+stix on input line 90.
(/Users/alexcarriero/Library/TinyTeX/texmf-dist/tex/latex/stix/ts1stix.fd
File: ts1stix.fd 2015/04/17 v1.1.2-latex STIX TS1 font definitions
)
Overfull \vbox (6.46347pt too high) has occurred while \output is active []

[1{/Users/alexcarriero/Library/TinyTeX/texmf-var/fonts/map/pdftex/updmap/pdftex.map}

\openout3 = `Alex-s-Master-s-Thesis.pag'.

]
<Alex-s-Master-s-Thesis_files/figure-latex/plot-ref-1.pdf, id=15, 435.6275pt x 248.93pt>
File: Alex-s-Master-s-Thesis_files/figure-latex/plot-ref-1.pdf Graphic file (type pdf)
<use Alex-s-Master-s-Thesis_files/figure-latex/plot-ref-1.pdf>
Package pdftex.def Info: Alex-s-Master-s-Thesis_files/figure-latex/plot-ref-1.pdf  used on input line 159.
(pdftex.def)             Requested size: 435.62643pt x 248.92938pt.
[2] [3 <./Alex-s-Master-s-Thesis_files/figure-latex/plot-ref-1.pdf>] (./Alex-s-Master-s-Thesis.bbl) [4] (./Alex-s-Master-s-Thesis.aux) ) 
Here is how much of TeX's memory you used:
 19909 strings out of 478024
 306643 string characters out of 5838871
 1871346 words of memory out of 5000000
 39706 multiletter control sequences out of 15000+600000
 624123 words of font info for 172 fonts, out of 8000000 for 9000
 40 hyphenation exceptions out of 8191
 90i,10n,90p,1011b,583s stack positions out of 10000i,1000n,20000p,200000b,200000s
{/Users/alexcarriero/Library/TinyTeX/texmf-dist/fonts/enc/dvips/stix/stix-t1.enc}{/Users/alexcarriero/Library/TinyTeX/texmf-dist/fonts/enc/dvips/stix/stix-ts1.enc} </Users/alexcarriero/Library/TinyTeX/texmf-var/fonts/pk/ljfour/jknappen/ec/ectt1000.600pk></Users/alexcarriero/Library/TinyTeX/texmf-dist/fonts/type1/public/stix/STIXGeneral-Bold.pfb></Users/alexcarriero/Library/TinyTeX/texmf-dist/fonts/type1/public/stix/STIXGeneral-Italic.pfb></Users/alexcarriero/Library/TinyTeX/texmf-dist/fonts/type1/public/stix/STIXGeneral-Regular.pfb>
Output written on Alex-s-Master-s-Thesis.pdf (4 pages, 153299 bytes).
PDF statistics:
 205 PDF objects out of 1000 (max. 8388607)
 117 compressed objects within 2 object streams
 32 named destinations out of 1000 (max. 500000)
 102 words of extra memory for PDF output out of 10000 (max. 10000000)

